2022-12-10 19:05:08.893 [info] Уровень ведения журнала: Info
2022-12-10 19:05:08.894 [info] Проверка найденного Git в: "git"
2022-12-10 19:05:08.894 [info] Используется Git "2.31.1" из "git"
2022-12-10 19:05:08.894 [info] > git rev-parse --show-toplevel [22ms]
2022-12-10 19:05:08.894 [info] > git rev-parse --git-dir --git-common-dir [45ms]
2022-12-10 19:05:08.894 [info] Open repository: /home/makarowgr
2022-12-10 19:05:08.894 [info] > git rev-parse --show-toplevel [10ms]
2022-12-10 19:05:08.894 [info] > git config --get commit.template [12ms]
2022-12-10 19:05:08.894 [info] > git rev-parse --show-toplevel [25ms]
2022-12-10 19:05:08.894 [info] > git for-each-ref --format=%(refname)%00%(upstream:short)%00%(objectname)%00%(upstream:track)%00%(upstream:remotename)%00%(upstream:remoteref) refs/heads/master refs/remotes/master [13ms]
2022-12-10 19:05:08.894 [info] > git rev-parse --show-toplevel [24ms]
2022-12-10 19:05:08.894 [info] > git for-each-ref --sort -committerdate --format %(refname) %(objectname) %(*objectname) [42ms]
2022-12-10 19:05:08.894 [info] > git rev-parse --show-toplevel [32ms]
2022-12-10 19:05:08.894 [info] > git rev-parse --show-toplevel [57ms]
2022-12-10 19:05:08.894 [info] > git status -z -uall [215ms]
2022-12-10 19:05:08.894 [info] > git config --get commit.template [17ms]
2022-12-10 19:05:08.894 [info] > git for-each-ref --format=%(refname)%00%(upstream:short)%00%(objectname)%00%(upstream:track)%00%(upstream:remotename)%00%(upstream:remoteref) refs/heads/master refs/remotes/master [241ms]
2022-12-10 19:05:08.894 [info] > git for-each-ref --sort -committerdate --format %(refname) %(objectname) %(*objectname) [33ms]
2022-12-10 19:05:08.894 [info] > git status -z -uall [70ms]
2022-12-10 19:05:08.894 [info] > git check-ignore -v -z --stdin [14ms]
2022-12-10 19:05:08.894 [info] > git show --textconv :kti-infrastructure/docker-compose.yaml [25ms]
2022-12-10 19:05:08.894 [info] > git ls-files --stage -- /home/makarowgr/kti-infrastructure/docker-compose.yaml [16ms]
2022-12-10 19:05:08.895 [info] > git cat-file -s ad3921cb10a4ef81999eeb9f10a46ae6488c74ef [4ms]
2022-12-10 19:05:09.999 [info] > git config --get commit.template [9ms]
2022-12-10 19:05:10.000 [info] > git for-each-ref --format=%(refname)%00%(upstream:short)%00%(objectname)%00%(upstream:track)%00%(upstream:remotename)%00%(upstream:remoteref) refs/heads/master refs/remotes/master [3ms]
2022-12-10 19:05:10.016 [info] > git for-each-ref --sort -committerdate --format %(refname) %(objectname) %(*objectname) [5ms]
2022-12-10 19:05:10.042 [info] > git status -z -uall [36ms]
2022-12-10 19:06:06.771 [info] > git config --get commit.template [2ms]
2022-12-10 19:06:06.786 [info] > git for-each-ref --format=%(refname)%00%(upstream:short)%00%(objectname)%00%(upstream:track)%00%(upstream:remotename)%00%(upstream:remoteref) refs/heads/master refs/remotes/master [2ms]
2022-12-10 19:06:06.806 [info] > git for-each-ref --sort -committerdate --format %(refname) %(objectname) %(*objectname) [9ms]
2022-12-10 19:06:06.832 [info] > git status -z -uall [41ms]
2022-12-10 19:11:06.870 [info] > git config --get commit.template [16ms]
2022-12-10 19:11:06.871 [info] > git for-each-ref --format=%(refname)%00%(upstream:short)%00%(objectname)%00%(upstream:track)%00%(upstream:remotename)%00%(upstream:remoteref) refs/heads/master refs/remotes/master [4ms]
2022-12-10 19:11:06.906 [info] > git for-each-ref --sort -committerdate --format %(refname) %(objectname) %(*objectname) [3ms]
2022-12-10 19:11:06.934 [info] > git status -z -uall [44ms]
2022-12-10 19:12:26.763 [info] > git config --get commit.template [45ms]
2022-12-10 19:12:26.764 [info] > git for-each-ref --format=%(refname)%00%(upstream:short)%00%(objectname)%00%(upstream:track)%00%(upstream:remotename)%00%(upstream:remoteref) refs/heads/master refs/remotes/master [4ms]
2022-12-10 19:12:26.786 [info] > git for-each-ref --sort -committerdate --format %(refname) %(objectname) %(*objectname) [2ms]
2022-12-10 19:12:26.820 [info] > git status -z -uall [48ms]
2022-12-10 19:12:31.842 [info] > git config --get commit.template [8ms]
2022-12-10 19:12:31.843 [info] > git for-each-ref --format=%(refname)%00%(upstream:short)%00%(objectname)%00%(upstream:track)%00%(upstream:remotename)%00%(upstream:remoteref) refs/heads/master refs/remotes/master [1ms]
2022-12-10 19:12:31.856 [info] > git for-each-ref --sort -committerdate --format %(refname) %(objectname) %(*objectname) [2ms]
2022-12-10 19:12:31.877 [info] > git status -z -uall [30ms]
2022-12-10 19:12:36.865 [info] > git ls-files --stage -- /home/makarowgr/kti-infrastructure/docker-compose.yaml [6ms]
2022-12-10 19:12:36.871 [info] > git cat-file -s ad3921cb10a4ef81999eeb9f10a46ae6488c74ef [2ms]
2022-12-10 19:12:36.891 [info] > git show --textconv :kti-infrastructure/docker-compose.yaml [8ms]
2022-12-10 19:12:36.893 [info] > git config --get commit.template [3ms]
2022-12-10 19:12:36.899 [info] > git for-each-ref --format=%(refname)%00%(upstream:short)%00%(objectname)%00%(upstream:track)%00%(upstream:remotename)%00%(upstream:remoteref) refs/heads/master refs/remotes/master [1ms]
2022-12-10 19:12:36.910 [info] > git for-each-ref --sort -committerdate --format %(refname) %(objectname) %(*objectname) [3ms]
2022-12-10 19:12:36.933 [info] > git status -z -uall [30ms]
2022-12-10 19:12:41.957 [info] > git config --get commit.template [8ms]
2022-12-10 19:12:41.958 [info] > git for-each-ref --format=%(refname)%00%(upstream:short)%00%(objectname)%00%(upstream:track)%00%(upstream:remotename)%00%(upstream:remoteref) refs/heads/master refs/remotes/master [2ms]
2022-12-10 19:12:41.974 [info] > git for-each-ref --sort -committerdate --format %(refname) %(objectname) %(*objectname) [4ms]
2022-12-10 19:12:41.999 [info] > git status -z -uall [34ms]
2022-12-10 19:12:47.014 [info] > git ls-files --stage -- /home/makarowgr/kti-infrastructure/docker-compose.yaml [8ms]
2022-12-10 19:12:47.022 [info] > git config --get commit.template [8ms]
2022-12-10 19:12:47.035 [info] > git cat-file -s ad3921cb10a4ef81999eeb9f10a46ae6488c74ef [15ms]
2022-12-10 19:12:47.038 [info] > git for-each-ref --format=%(refname)%00%(upstream:short)%00%(objectname)%00%(upstream:track)%00%(upstream:remotename)%00%(upstream:remoteref) refs/heads/master refs/remotes/master [4ms]
2022-12-10 19:12:47.065 [info] > git for-each-ref --sort -committerdate --format %(refname) %(objectname) %(*objectname) [8ms]
2022-12-10 19:12:47.066 [info] > git show --textconv :kti-infrastructure/docker-compose.yaml [3ms]
2022-12-10 19:12:47.094 [info] > git status -z -uall [52ms]
2022-12-10 19:12:52.121 [info] > git config --get commit.template [8ms]
2022-12-10 19:12:52.122 [info] > git for-each-ref --format=%(refname)%00%(upstream:short)%00%(objectname)%00%(upstream:track)%00%(upstream:remotename)%00%(upstream:remoteref) refs/heads/master refs/remotes/master [3ms]
2022-12-10 19:12:52.137 [info] > git for-each-ref --sort -committerdate --format %(refname) %(objectname) %(*objectname) [4ms]
2022-12-10 19:12:52.159 [info] > git status -z -uall [33ms]
2022-12-10 19:12:57.181 [info] > git config --get commit.template [8ms]
2022-12-10 19:12:57.182 [info] > git for-each-ref --format=%(refname)%00%(upstream:short)%00%(objectname)%00%(upstream:track)%00%(upstream:remotename)%00%(upstream:remoteref) refs/heads/master refs/remotes/master [2ms]
2022-12-10 19:12:57.195 [info] > git for-each-ref --sort -committerdate --format %(refname) %(objectname) %(*objectname) [3ms]
2022-12-10 19:12:57.215 [info] > git status -z -uall [29ms]
2022-12-10 19:13:02.230 [info] > git config --get commit.template [6ms]
2022-12-10 19:13:02.232 [info] > git for-each-ref --format=%(refname)%00%(upstream:short)%00%(objectname)%00%(upstream:track)%00%(upstream:remotename)%00%(upstream:remoteref) refs/heads/master refs/remotes/master [1ms]
2022-12-10 19:13:02.248 [info] > git for-each-ref --sort -committerdate --format %(refname) %(objectname) %(*objectname) [6ms]
2022-12-10 19:13:02.277 [info] > git status -z -uall [40ms]
2022-12-10 19:13:03.283 [info] > git ls-files --stage -- /home/makarowgr/kti-infrastructure/docker-compose.yaml [2ms]
2022-12-10 19:13:03.289 [info] > git cat-file -s ad3921cb10a4ef81999eeb9f10a46ae6488c74ef [2ms]
2022-12-10 19:13:03.303 [info] > git show --textconv :kti-infrastructure/docker-compose.yaml [3ms]
2022-12-10 19:13:12.315 [info] > git for-each-ref --format=%(refname)%00%(upstream:short)%00%(objectname)%00%(upstream:track)%00%(upstream:remotename)%00%(upstream:remoteref) refs/heads/master refs/remotes/master [4ms]
2022-12-10 19:13:12.316 [info] > git config --get commit.template [17ms]
2022-12-10 19:13:12.337 [info] > git for-each-ref --sort -committerdate --format %(refname) %(objectname) %(*objectname) [8ms]
2022-12-10 19:13:12.361 [info] > git status -z -uall [40ms]
2022-12-10 19:13:15.629 [info] > git ls-files --stage -- /home/makarowgr/kti-infrastructure/docker-compose.yaml [4ms]
2022-12-10 19:13:15.636 [info] > git cat-file -s ad3921cb10a4ef81999eeb9f10a46ae6488c74ef [1ms]
2022-12-10 19:13:15.664 [info] > git show --textconv :kti-infrastructure/docker-compose.yaml [4ms]
2022-12-10 19:13:17.388 [info] > git config --get commit.template [10ms]
2022-12-10 19:13:17.389 [info] > git for-each-ref --format=%(refname)%00%(upstream:short)%00%(objectname)%00%(upstream:track)%00%(upstream:remotename)%00%(upstream:remoteref) refs/heads/master refs/remotes/master [2ms]
2022-12-10 19:13:17.401 [info] > git for-each-ref --sort -committerdate --format %(refname) %(objectname) %(*objectname) [3ms]
2022-12-10 19:13:17.426 [info] > git status -z -uall [31ms]
2022-12-10 19:13:26.533 [info] > git config --get commit.template [13ms]
2022-12-10 19:13:26.535 [info] > git for-each-ref --format=%(refname)%00%(upstream:short)%00%(objectname)%00%(upstream:track)%00%(upstream:remotename)%00%(upstream:remoteref) refs/heads/master refs/remotes/master [4ms]
2022-12-10 19:13:26.556 [info] > git for-each-ref --sort -committerdate --format %(refname) %(objectname) %(*objectname) [8ms]
2022-12-10 19:13:26.576 [info] > git status -z -uall [36ms]
2022-12-10 19:13:31.593 [info] > git config --get commit.template [7ms]
2022-12-10 19:13:31.594 [info] > git for-each-ref --format=%(refname)%00%(upstream:short)%00%(objectname)%00%(upstream:track)%00%(upstream:remotename)%00%(upstream:remoteref) refs/heads/master refs/remotes/master [2ms]
2022-12-10 19:13:31.610 [info] > git for-each-ref --sort -committerdate --format %(refname) %(objectname) %(*objectname) [4ms]
2022-12-10 19:13:31.628 [info] > git status -z -uall [30ms]
2022-12-10 19:13:36.646 [info] > git config --get commit.template [6ms]
2022-12-10 19:13:36.649 [info] > git for-each-ref --format=%(refname)%00%(upstream:short)%00%(objectname)%00%(upstream:track)%00%(upstream:remotename)%00%(upstream:remoteref) refs/heads/master refs/remotes/master [4ms]
2022-12-10 19:13:36.662 [info] > git for-each-ref --sort -committerdate --format %(refname) %(objectname) %(*objectname) [5ms]
2022-12-10 19:13:36.685 [info] > git status -z -uall [31ms]
2022-12-10 19:13:41.701 [info] > git config --get commit.template [6ms]
2022-12-10 19:13:41.702 [info] > git for-each-ref --format=%(refname)%00%(upstream:short)%00%(objectname)%00%(upstream:track)%00%(upstream:remotename)%00%(upstream:remoteref) refs/heads/master refs/remotes/master [2ms]
2022-12-10 19:13:41.716 [info] > git for-each-ref --sort -committerdate --format %(refname) %(objectname) %(*objectname) [4ms]
2022-12-10 19:13:41.737 [info] > git status -z -uall [31ms]
2022-12-10 19:13:46.756 [info] > git config --get commit.template [6ms]
2022-12-10 19:13:46.757 [info] > git for-each-ref --format=%(refname)%00%(upstream:short)%00%(objectname)%00%(upstream:track)%00%(upstream:remotename)%00%(upstream:remoteref) refs/heads/master refs/remotes/master [2ms]
2022-12-10 19:13:46.773 [info] > git for-each-ref --sort -committerdate --format %(refname) %(objectname) %(*objectname) [7ms]
2022-12-10 19:13:46.794 [info] > git status -z -uall [32ms]
2022-12-10 19:15:19.932 [info] > git config --get commit.template [7ms]
2022-12-10 19:15:19.934 [info] > git for-each-ref --format=%(refname)%00%(upstream:short)%00%(objectname)%00%(upstream:track)%00%(upstream:remotename)%00%(upstream:remoteref) refs/heads/master refs/remotes/master [4ms]
2022-12-10 19:15:19.973 [info] > git for-each-ref --sort -committerdate --format %(refname) %(objectname) %(*objectname) [4ms]
2022-12-10 19:15:20.004 [info] > git status -z -uall [60ms]
2022-12-10 19:16:01.526 [info] > git config --get commit.template [8ms]
2022-12-10 19:16:01.527 [info] > git for-each-ref --format=%(refname)%00%(upstream:short)%00%(objectname)%00%(upstream:track)%00%(upstream:remotename)%00%(upstream:remoteref) refs/heads/master refs/remotes/master [2ms]
2022-12-10 19:16:01.577 [info] > git for-each-ref --sort -committerdate --format %(refname) %(objectname) %(*objectname) [5ms]
2022-12-10 19:16:01.597 [info] > git status -z -uall [61ms]
2022-12-10 19:16:06.616 [info] > git config --get commit.template [6ms]
2022-12-10 19:16:06.618 [info] > git for-each-ref --format=%(refname)%00%(upstream:short)%00%(objectname)%00%(upstream:track)%00%(upstream:remotename)%00%(upstream:remoteref) refs/heads/master refs/remotes/master [2ms]
2022-12-10 19:16:06.632 [info] > git for-each-ref --sort -committerdate --format %(refname) %(objectname) %(*objectname) [2ms]
2022-12-10 19:16:06.652 [info] > git status -z -uall [30ms]
2022-12-10 19:16:11.666 [info] > git config --get commit.template [2ms]
2022-12-10 19:16:11.673 [info] > git for-each-ref --format=%(refname)%00%(upstream:short)%00%(objectname)%00%(upstream:track)%00%(upstream:remotename)%00%(upstream:remoteref) refs/heads/master refs/remotes/master [2ms]
2022-12-10 19:16:11.683 [info] > git for-each-ref --sort -committerdate --format %(refname) %(objectname) %(*objectname) [2ms]
2022-12-10 19:16:11.705 [info] > git status -z -uall [28ms]
2022-12-10 19:16:46.619 [info] > git config --get commit.template [8ms]
2022-12-10 19:16:46.620 [info] > git for-each-ref --format=%(refname)%00%(upstream:short)%00%(objectname)%00%(upstream:track)%00%(upstream:remotename)%00%(upstream:remoteref) refs/heads/master refs/remotes/master [2ms]
2022-12-10 19:16:46.646 [info] > git for-each-ref --sort -committerdate --format %(refname) %(objectname) %(*objectname) [6ms]
2022-12-10 19:16:46.680 [info] > git status -z -uall [52ms]
2022-12-10 19:16:51.696 [info] > git config --get commit.template [5ms]
2022-12-10 19:16:51.698 [info] > git for-each-ref --format=%(refname)%00%(upstream:short)%00%(objectname)%00%(upstream:track)%00%(upstream:remotename)%00%(upstream:remoteref) refs/heads/master refs/remotes/master [3ms]
2022-12-10 19:16:51.714 [info] > git for-each-ref --sort -committerdate --format %(refname) %(objectname) %(*objectname) [2ms]
2022-12-10 19:16:51.733 [info] > git status -z -uall [29ms]
2022-12-10 19:16:56.746 [info] > git config --get commit.template [3ms]
2022-12-10 19:16:56.754 [info] > git for-each-ref --format=%(refname)%00%(upstream:short)%00%(objectname)%00%(upstream:track)%00%(upstream:remotename)%00%(upstream:remoteref) refs/heads/master refs/remotes/master [2ms]
2022-12-10 19:16:56.768 [info] > git for-each-ref --sort -committerdate --format %(refname) %(objectname) %(*objectname) [4ms]
2022-12-10 19:16:56.788 [info] > git status -z -uall [29ms]
2022-12-10 19:17:09.168 [info] > git config --get commit.template [12ms]
2022-12-10 19:17:09.191 [info] > git for-each-ref --format=%(refname)%00%(upstream:short)%00%(objectname)%00%(upstream:track)%00%(upstream:remotename)%00%(upstream:remoteref) refs/heads/master refs/remotes/master [22ms]
2022-12-10 19:17:09.209 [info] > git for-each-ref --sort -committerdate --format %(refname) %(objectname) %(*objectname) [4ms]
2022-12-10 19:17:09.237 [info] > git status -z -uall [39ms]
2022-12-10 19:17:14.256 [info] > git config --get commit.template [7ms]
2022-12-10 19:17:14.259 [info] > git for-each-ref --format=%(refname)%00%(upstream:short)%00%(objectname)%00%(upstream:track)%00%(upstream:remotename)%00%(upstream:remoteref) refs/heads/master refs/remotes/master [4ms]
2022-12-10 19:17:14.275 [info] > git for-each-ref --sort -committerdate --format %(refname) %(objectname) %(*objectname) [1ms]
2022-12-10 19:17:14.297 [info] > git status -z -uall [30ms]
2022-12-10 19:17:19.318 [info] > git config --get commit.template [8ms]
2022-12-10 19:17:19.320 [info] > git for-each-ref --format=%(refname)%00%(upstream:short)%00%(objectname)%00%(upstream:track)%00%(upstream:remotename)%00%(upstream:remoteref) refs/heads/master refs/remotes/master [2ms]
2022-12-10 19:17:19.338 [info] > git for-each-ref --sort -committerdate --format %(refname) %(objectname) %(*objectname) [6ms]
2022-12-10 19:17:19.360 [info] > git status -z -uall [34ms]
2022-12-10 19:17:24.375 [info] > git config --get commit.template [6ms]
2022-12-10 19:17:24.376 [info] > git for-each-ref --format=%(refname)%00%(upstream:short)%00%(objectname)%00%(upstream:track)%00%(upstream:remotename)%00%(upstream:remoteref) refs/heads/master refs/remotes/master [3ms]
2022-12-10 19:17:24.390 [info] > git for-each-ref --sort -committerdate --format %(refname) %(objectname) %(*objectname) [4ms]
2022-12-10 19:17:24.410 [info] > git status -z -uall [28ms]
2022-12-10 19:17:29.430 [info] > git config --get commit.template [9ms]
2022-12-10 19:17:29.431 [info] > git for-each-ref --format=%(refname)%00%(upstream:short)%00%(objectname)%00%(upstream:track)%00%(upstream:remotename)%00%(upstream:remoteref) refs/heads/master refs/remotes/master [1ms]
2022-12-10 19:17:29.445 [info] > git for-each-ref --sort -committerdate --format %(refname) %(objectname) %(*objectname) [2ms]
2022-12-10 19:17:29.465 [info] > git status -z -uall [30ms]
2022-12-10 19:17:34.485 [info] > git config --get commit.template [8ms]
2022-12-10 19:17:34.486 [info] > git for-each-ref --format=%(refname)%00%(upstream:short)%00%(objectname)%00%(upstream:track)%00%(upstream:remotename)%00%(upstream:remoteref) refs/heads/master refs/remotes/master [2ms]
2022-12-10 19:17:34.496 [info] > git for-each-ref --sort -committerdate --format %(refname) %(objectname) %(*objectname) [3ms]
2022-12-10 19:17:34.519 [info] > git status -z -uall [29ms]
2022-12-10 19:17:39.529 [warning] ENOENT: no such file or directory, open '/home/makarowgr/.git/HEAD'
2022-12-10 19:17:39.534 [warning] ENOENT: no such file or directory, open '/home/makarowgr/.git/config'
2022-12-10 19:17:39.543 [info] > git config --get commit.template [3ms]
2022-12-10 19:17:39.543 [info] > git remote --verbose [9ms]
2022-12-10 19:17:39.543 [info] fatal: not a git repository (or any of the parent directories): .git
2022-12-10 19:17:39.546 [info] > git symbolic-ref --short HEAD [18ms]
2022-12-10 19:17:39.546 [info] fatal: not a git repository (or any of the parent directories): .git
2022-12-10 19:17:39.553 [info] > git rev-parse HEAD [2ms]
2022-12-10 19:17:39.553 [info] fatal: not a git repository (or any of the parent directories): .git
2022-12-10 19:19:16.725 [info] > git rev-parse --show-toplevel [2ms]
2022-12-10 19:19:16.733 [info] > git rev-parse --git-dir --git-common-dir [2ms]
2022-12-10 19:19:16.742 [info] Open repository: /home/makarowgr
2022-12-10 19:19:16.760 [warning] No remotes found in the git config file.
2022-12-10 19:19:16.762 [info] > git for-each-ref --format=%(refname)%00%(upstream:short)%00%(objectname)%00%(upstream:track)%00%(upstream:remotename)%00%(upstream:remoteref) refs/heads/master refs/remotes/master [8ms]
2022-12-10 19:19:16.763 [info] > git config --get commit.template [16ms]
2022-12-10 19:19:16.764 [info] > git remote --verbose [4ms]
2022-12-10 19:19:16.780 [info] > git for-each-ref --sort -committerdate --format %(refname) %(objectname) %(*objectname) [4ms]
2022-12-10 19:19:16.810 [info] > git status -z -uall [40ms]
2022-12-10 19:19:17.456 [info] > git check-ignore -v -z --stdin [29ms]
2022-12-10 19:19:19.509 [warning] No remotes found in the git config file.
2022-12-10 19:19:19.510 [info] > git config --get commit.template [13ms]
2022-12-10 19:19:19.510 [info] > git remote --verbose [2ms]
2022-12-10 19:19:19.510 [info] > git for-each-ref --format=%(refname)%00%(upstream:short)%00%(objectname)%00%(upstream:track)%00%(upstream:remotename)%00%(upstream:remoteref) refs/heads/master refs/remotes/master [7ms]
2022-12-10 19:19:19.523 [info] > git for-each-ref --sort -committerdate --format %(refname) %(objectname) %(*objectname) [3ms]
2022-12-10 19:19:19.543 [info] > git status -z -uall [27ms]
2022-12-10 19:19:24.638 [warning] No remotes found in the git config file.
2022-12-10 19:19:24.639 [info] > git for-each-ref --format=%(refname)%00%(upstream:short)%00%(objectname)%00%(upstream:track)%00%(upstream:remotename)%00%(upstream:remoteref) refs/heads/master refs/remotes/master [9ms]
2022-12-10 19:19:24.639 [info] > git config --get commit.template [17ms]
2022-12-10 19:19:24.640 [info] > git remote --verbose [2ms]
2022-12-10 19:19:24.654 [info] > git for-each-ref --sort -committerdate --format %(refname) %(objectname) %(*objectname) [3ms]
2022-12-10 19:19:24.673 [info] > git status -z -uall [27ms]
2022-12-10 19:19:29.788 [warning] No remotes found in the git config file.
2022-12-10 19:19:29.789 [info] > git for-each-ref --format=%(refname)%00%(upstream:short)%00%(objectname)%00%(upstream:track)%00%(upstream:remotename)%00%(upstream:remoteref) refs/heads/master refs/remotes/master [7ms]
2022-12-10 19:19:29.789 [info] > git config --get commit.template [17ms]
2022-12-10 19:19:29.790 [info] > git remote --verbose [3ms]
2022-12-10 19:19:29.804 [info] > git for-each-ref --sort -committerdate --format %(refname) %(objectname) %(*objectname) [2ms]
2022-12-10 19:19:29.821 [info] > git status -z -uall [25ms]
2022-12-10 19:19:34.939 [warning] No remotes found in the git config file.
2022-12-10 19:19:34.940 [info] > git for-each-ref --format=%(refname)%00%(upstream:short)%00%(objectname)%00%(upstream:track)%00%(upstream:remotename)%00%(upstream:remoteref) refs/heads/master refs/remotes/master [11ms]
2022-12-10 19:19:34.940 [info] > git config --get commit.template [24ms]
2022-12-10 19:19:34.945 [info] > git remote --verbose [7ms]
2022-12-10 19:19:34.971 [info] > git for-each-ref --sort -committerdate --format %(refname) %(objectname) %(*objectname) [8ms]
2022-12-10 19:19:34.990 [info] > git status -z -uall [39ms]
2022-12-10 19:19:40.096 [info] > git config --get commit.template [14ms]
2022-12-10 19:19:40.125 [warning] No remotes found in the git config file.
2022-12-10 19:19:40.142 [info] > git remote --verbose [17ms]
2022-12-10 19:19:40.142 [info] > git for-each-ref --format=%(refname)%00%(upstream:short)%00%(objectname)%00%(upstream:track)%00%(upstream:remotename)%00%(upstream:remoteref) refs/heads/master refs/remotes/master [24ms]
2022-12-10 19:19:40.157 [info] > git for-each-ref --sort -committerdate --format %(refname) %(objectname) %(*objectname) [3ms]
2022-12-10 19:19:40.179 [info] > git status -z -uall [31ms]
2022-12-10 19:19:45.265 [info] > git config --get commit.template [11ms]
2022-12-10 19:19:45.297 [warning] No remotes found in the git config file.
2022-12-10 19:19:45.309 [info] > git remote --verbose [12ms]
2022-12-10 19:19:45.309 [info] > git for-each-ref --format=%(refname)%00%(upstream:short)%00%(objectname)%00%(upstream:track)%00%(upstream:remotename)%00%(upstream:remoteref) refs/heads/master refs/remotes/master [19ms]
2022-12-10 19:19:45.322 [info] > git for-each-ref --sort -committerdate --format %(refname) %(objectname) %(*objectname) [3ms]
2022-12-10 19:19:45.339 [info] > git status -z -uall [25ms]
2022-12-10 19:19:50.420 [warning] No remotes found in the git config file.
2022-12-10 19:19:50.421 [info] > git for-each-ref --format=%(refname)%00%(upstream:short)%00%(objectname)%00%(upstream:track)%00%(upstream:remotename)%00%(upstream:remoteref) refs/heads/master refs/remotes/master [6ms]
2022-12-10 19:19:50.422 [info] > git config --get commit.template [15ms]
2022-12-10 19:19:50.422 [info] > git remote --verbose [2ms]
2022-12-10 19:19:50.434 [info] > git for-each-ref --sort -committerdate --format %(refname) %(objectname) %(*objectname) [2ms]
2022-12-10 19:19:50.451 [info] > git status -z -uall [24ms]
2022-12-10 19:19:55.068 [info] > git check-ignore -v -z --stdin [3ms]
2022-12-10 19:19:55.523 [warning] No remotes found in the git config file.
2022-12-10 19:19:55.524 [info] > git for-each-ref --format=%(refname)%00%(upstream:short)%00%(objectname)%00%(upstream:track)%00%(upstream:remotename)%00%(upstream:remoteref) refs/heads/master refs/remotes/master [9ms]
2022-12-10 19:19:55.524 [info] > git config --get commit.template [17ms]
2022-12-10 19:19:55.524 [info] > git remote --verbose [1ms]
2022-12-10 19:19:55.541 [info] > git for-each-ref --sort -committerdate --format %(refname) %(objectname) %(*objectname) [3ms]
2022-12-10 19:19:55.565 [info] > git status -z -uall [34ms]
2022-12-10 19:20:00.647 [warning] No remotes found in the git config file.
2022-12-10 19:20:00.648 [info] > git for-each-ref --format=%(refname)%00%(upstream:short)%00%(objectname)%00%(upstream:track)%00%(upstream:remotename)%00%(upstream:remoteref) refs/heads/master refs/remotes/master [8ms]
2022-12-10 19:20:00.649 [info] > git config --get commit.template [17ms]
2022-12-10 19:20:00.649 [info] > git remote --verbose [2ms]
2022-12-10 19:20:00.665 [info] > git for-each-ref --sort -committerdate --format %(refname) %(objectname) %(*objectname) [3ms]
2022-12-10 19:20:00.683 [info] > git status -z -uall [28ms]
2022-12-10 19:20:05.792 [info] > git config --get commit.template [2ms]
2022-12-10 19:20:05.807 [warning] No remotes found in the git config file.
2022-12-10 19:20:05.808 [info] > git for-each-ref --format=%(refname)%00%(upstream:short)%00%(objectname)%00%(upstream:track)%00%(upstream:remotename)%00%(upstream:remoteref) refs/heads/master refs/remotes/master [8ms]
2022-12-10 19:20:05.809 [info] > git remote --verbose [2ms]
2022-12-10 19:20:05.829 [info] > git for-each-ref --sort -committerdate --format %(refname) %(objectname) %(*objectname) [3ms]
2022-12-10 19:20:05.844 [info] > git status -z -uall [25ms]
2022-12-10 19:20:09.124 [info] > git ls-files --stage -- /home/makarowgr/kti-infrastructure/docker-compose.yaml [1ms]
2022-12-10 19:20:09.153 [info] > git show --textconv :kti-infrastructure/docker-compose.yaml [2ms]
2022-12-10 19:20:10.916 [warning] No remotes found in the git config file.
2022-12-10 19:20:10.917 [info] > git for-each-ref --format=%(refname)%00%(upstream:short)%00%(objectname)%00%(upstream:track)%00%(upstream:remotename)%00%(upstream:remoteref) refs/heads/master refs/remotes/master [7ms]
2022-12-10 19:20:10.917 [info] > git config --get commit.template [14ms]
2022-12-10 19:20:10.918 [info] > git remote --verbose [2ms]
2022-12-10 19:20:10.930 [info] > git for-each-ref --sort -committerdate --format %(refname) %(objectname) %(*objectname) [3ms]
2022-12-10 19:20:10.946 [info] > git status -z -uall [23ms]
2022-12-10 19:20:16.027 [warning] No remotes found in the git config file.
2022-12-10 19:20:16.028 [info] > git for-each-ref --format=%(refname)%00%(upstream:short)%00%(objectname)%00%(upstream:track)%00%(upstream:remotename)%00%(upstream:remoteref) refs/heads/master refs/remotes/master [7ms]
2022-12-10 19:20:16.028 [info] > git config --get commit.template [18ms]
2022-12-10 19:20:16.029 [info] > git remote --verbose [2ms]
2022-12-10 19:20:16.043 [info] > git for-each-ref --sort -committerdate --format %(refname) %(objectname) %(*objectname) [2ms]
2022-12-10 19:20:16.064 [info] > git status -z -uall [28ms]
2022-12-10 19:20:21.173 [warning] No remotes found in the git config file.
2022-12-10 19:20:21.174 [info] > git for-each-ref --format=%(refname)%00%(upstream:short)%00%(objectname)%00%(upstream:track)%00%(upstream:remotename)%00%(upstream:remoteref) refs/heads/master refs/remotes/master [7ms]
2022-12-10 19:20:21.175 [info] > git config --get commit.template [15ms]
2022-12-10 19:20:21.175 [info] > git remote --verbose [2ms]
2022-12-10 19:20:21.190 [info] > git for-each-ref --sort -committerdate --format %(refname) %(objectname) %(*objectname) [2ms]
2022-12-10 19:20:21.205 [info] > git status -z -uall [23ms]
2022-12-10 19:20:26.308 [warning] No remotes found in the git config file.
2022-12-10 19:20:26.309 [info] > git for-each-ref --format=%(refname)%00%(upstream:short)%00%(objectname)%00%(upstream:track)%00%(upstream:remotename)%00%(upstream:remoteref) refs/heads/master refs/remotes/master [7ms]
2022-12-10 19:20:26.309 [info] > git config --get commit.template [15ms]
2022-12-10 19:20:26.310 [info] > git remote --verbose [3ms]
2022-12-10 19:20:26.324 [info] > git for-each-ref --sort -committerdate --format %(refname) %(objectname) %(*objectname) [2ms]
2022-12-10 19:20:26.340 [info] > git status -z -uall [24ms]
2022-12-10 19:20:31.441 [warning] No remotes found in the git config file.
2022-12-10 19:20:31.443 [info] > git for-each-ref --format=%(refname)%00%(upstream:short)%00%(objectname)%00%(upstream:track)%00%(upstream:remotename)%00%(upstream:remoteref) refs/heads/master refs/remotes/master [18ms]
2022-12-10 19:20:31.443 [info] > git config --get commit.template [36ms]
2022-12-10 19:20:31.446 [info] > git remote --verbose [5ms]
2022-12-10 19:20:31.480 [info] > git for-each-ref --sort -committerdate --format %(refname) %(objectname) %(*objectname) [12ms]
2022-12-10 19:20:31.538 [info] > git status -z -uall [84ms]
