2022-12-10 15:29:06.674 [info] Уровень ведения журнала: Info
2022-12-10 15:29:06.674 [info] Проверка найденного Git в: "git"
2022-12-10 15:29:06.674 [info] Используется Git "2.31.1" из "git"
2022-12-10 15:29:06.674 [info] > git rev-parse --show-toplevel [13ms]
2022-12-10 15:29:06.674 [info] fatal: not a git repository (or any of the parent directories): .git
2022-12-10 15:29:06.674 [info] > git rev-parse --show-toplevel [7ms]
2022-12-10 15:29:06.674 [info] fatal: not a git repository (or any of the parent directories): .git
2022-12-10 15:29:06.674 [info] > git rev-parse --show-toplevel [5ms]
2022-12-10 15:29:06.674 [info] fatal: not a git repository (or any of the parent directories): .git
2022-12-10 15:29:06.674 [info] > git rev-parse --show-toplevel [14ms]
2022-12-10 15:29:06.674 [info] > git rev-parse --git-dir --git-common-dir [9ms]
2022-12-10 15:29:06.674 [info] Open repository: /home/makarowgr/app
2022-12-10 15:29:06.674 [info] > git config --get commit.template [96ms]
2022-12-10 15:29:06.674 [info] > git rev-parse --show-toplevel [147ms]
2022-12-10 15:29:06.675 [info] fatal: not a git repository (or any of the parent directories): .git
2022-12-10 15:29:06.675 [info] > git rev-parse --show-toplevel [41ms]
2022-12-10 15:29:06.675 [info] fatal: not a git repository (or any of the parent directories): .git
2022-12-10 15:29:06.675 [info] > git for-each-ref --format=%(refname)%00%(upstream:short)%00%(objectname)%00%(upstream:track)%00%(upstream:remotename)%00%(upstream:remoteref) refs/heads/master refs/remotes/master [36ms]
2022-12-10 15:29:06.675 [info] > git rev-parse --show-toplevel [45ms]
2022-12-10 15:29:06.675 [info] fatal: not a git repository (or any of the parent directories): .git
2022-12-10 15:29:06.675 [info] > git status -z -uall [39ms]
2022-12-10 15:29:06.675 [info] > git for-each-ref --sort -committerdate --format %(refname) %(objectname) %(*objectname) [26ms]
2022-12-10 15:29:06.675 [info] > git config --get commit.template [14ms]
2022-12-10 15:29:06.675 [info] > git for-each-ref --format=%(refname)%00%(upstream:short)%00%(objectname)%00%(upstream:track)%00%(upstream:remotename)%00%(upstream:remoteref) refs/heads/master refs/remotes/master [14ms]
2022-12-10 15:29:06.675 [info] > git status -z -uall [13ms]
2022-12-10 15:29:06.675 [info] > git for-each-ref --sort -committerdate --format %(refname) %(objectname) %(*objectname) [17ms]
2022-12-10 15:29:06.675 [info] > git rev-parse --show-toplevel [10ms]
2022-12-10 15:29:06.675 [info] fatal: not a git repository (or any of the parent directories): .git
2022-12-10 15:29:06.675 [info] > git rev-parse --show-toplevel [4ms]
2022-12-10 15:29:06.675 [info] fatal: not a git repository (or any of the parent directories): .git
2022-12-10 15:29:06.675 [info] > git check-ignore -v -z --stdin [21ms]
2022-12-10 15:29:09.510 [info] > git rev-parse --show-toplevel [10ms]
2022-12-10 15:29:09.511 [info] fatal: not a git repository (or any of the parent directories): .git
2022-12-10 15:29:53.302 [info] > git show --textconv :app.py [16ms]
2022-12-10 15:29:53.309 [info] > git ls-files --stage -- /home/makarowgr/app/app.py [8ms]
2022-12-10 15:29:53.329 [info] > git cat-file -s a5991271e631710fd23547e59b2cec13475f7f43 [6ms]
2022-12-10 15:29:53.773 [info] > git check-ignore -v -z --stdin [4ms]
2022-12-10 15:29:54.684 [info] > git rev-parse --show-toplevel [6ms]
2022-12-10 15:29:54.684 [info] fatal: not a git repository (or any of the parent directories): .git
2022-12-10 15:29:57.123 [info] > git show --textconv :auth.py [7ms]
2022-12-10 15:29:57.126 [info] > git ls-files --stage -- /home/makarowgr/app/auth.py [4ms]
2022-12-10 15:29:57.137 [info] > git cat-file -s 4d3b336aa1bf8be927413bd1208c3fb24e6775ad [3ms]
2022-12-10 15:29:58.331 [info] > git rev-parse --show-toplevel [4ms]
2022-12-10 15:29:58.331 [info] fatal: not a git repository (or any of the parent directories): .git
2022-12-10 15:30:00.802 [info] > git rev-parse --show-toplevel [3ms]
2022-12-10 15:30:00.802 [info] fatal: not a git repository (or any of the parent directories): .git
2022-12-10 16:00:08.388 [info] > git rev-parse --show-toplevel [8ms]
2022-12-10 16:00:08.388 [info] fatal: not a git repository (or any of the parent directories): .git
2022-12-10 16:01:03.560 [info] > git show --textconv :requirements.txt [13ms]
2022-12-10 16:01:03.564 [info] > git ls-files --stage -- /home/makarowgr/app/requirements.txt [5ms]
2022-12-10 16:01:03.581 [info] > git cat-file -s 0de05c0f4807098afa00df423f8edc8489a5db54 [4ms]
2022-12-10 16:09:40.464 [info] > git rev-parse --show-toplevel [10ms]
2022-12-10 16:09:40.465 [info] fatal: not a git repository (or any of the parent directories): .git
2022-12-10 16:11:30.991 [info] > git rev-parse --show-toplevel [6ms]
2022-12-10 16:11:30.992 [info] fatal: not a git repository (or any of the parent directories): .git
2022-12-10 16:18:37.147 [info] > git rev-parse --show-toplevel [6ms]
2022-12-10 16:18:37.147 [info] fatal: not a git repository (or any of the parent directories): .git
2022-12-10 16:19:18.349 [info] > git rev-parse --show-toplevel [5ms]
2022-12-10 16:19:18.349 [info] fatal: not a git repository (or any of the parent directories): .git
2022-12-10 16:19:42.291 [info] > git rev-parse --show-toplevel [5ms]
2022-12-10 16:19:42.291 [info] fatal: not a git repository (or any of the parent directories): .git
2022-12-10 16:20:25.860 [info] > git rev-parse --show-toplevel [5ms]
2022-12-10 16:20:25.860 [info] fatal: not a git repository (or any of the parent directories): .git
2022-12-10 16:21:31.218 [info] > git rev-parse --show-toplevel [6ms]
2022-12-10 16:21:31.219 [info] fatal: not a git repository (or any of the parent directories): .git
2022-12-10 16:31:43.089 [info] > git config --get commit.template [20ms]
2022-12-10 16:31:43.093 [info] > git for-each-ref --format=%(refname)%00%(upstream:short)%00%(objectname)%00%(upstream:track)%00%(upstream:remotename)%00%(upstream:remoteref) refs/heads/master refs/remotes/master [8ms]
2022-12-10 16:31:43.126 [info] > git status -z -uall [20ms]
2022-12-10 16:31:43.136 [info] > git for-each-ref --sort -committerdate --format %(refname) %(objectname) %(*objectname) [11ms]
2022-12-10 16:35:44.065 [info] > git rev-parse --show-toplevel [21ms]
2022-12-10 16:35:44.065 [info] fatal: not a git repository (or any of the parent directories): .git
2022-12-10 16:35:56.147 [info] > git rev-parse --show-toplevel [13ms]
2022-12-10 16:35:56.147 [info] fatal: not a git repository (or any of the parent directories): .git
2022-12-10 16:42:37.939 [info] > git rev-parse --show-toplevel [2ms]
2022-12-10 16:42:37.954 [info] > git rev-parse --git-dir --git-common-dir [3ms]
2022-12-10 16:42:37.977 [info] Open repository: /home/makarowgr
2022-12-10 16:42:38.016 [warning] No remotes found in the git config file.
2022-12-10 16:42:38.018 [info] > git config --get commit.template [28ms]
2022-12-10 16:42:38.019 [info] > git for-each-ref --format=%(refname)%00%(upstream:short)%00%(objectname)%00%(upstream:track)%00%(upstream:remotename)%00%(upstream:remoteref) refs/heads/master refs/remotes/master [16ms]
2022-12-10 16:42:38.022 [info] > git remote --verbose [6ms]
2022-12-10 16:42:38.063 [info] > git for-each-ref --sort -committerdate --format %(refname) %(objectname) %(*objectname) [15ms]
2022-12-10 16:42:38.234 [info] > git status -z -uall [195ms]
2022-12-10 16:42:39.961 [info] > git check-ignore -v -z --stdin [116ms]
2022-12-10 16:42:39.965 [info] > git check-ignore -v -z --stdin [106ms]
2022-12-10 16:42:40.351 [info] > git show --textconv :kti-infrastructure/init [105ms]
2022-12-10 16:42:40.351 [info] > git show --textconv :kti-infrastructure/docker-compose.yaml [91ms]
2022-12-10 16:42:40.352 [info] > git show --textconv :kti-infrastructure/.gitignore [78ms]
2022-12-10 16:42:40.352 [info] > git show --textconv :kti-infrastructure/Dockerfile [66ms]
2022-12-10 16:42:40.353 [info] > git ls-files --stage -- /home/makarowgr/kti-infrastructure/.gitignore [17ms]
2022-12-10 16:42:40.355 [info] > git ls-files --stage -- /home/makarowgr/kti-infrastructure/docker-compose.yaml [31ms]
2022-12-10 16:42:40.357 [info] > git ls-files --stage -- /home/makarowgr/kti-infrastructure/init [51ms]
2022-12-10 16:42:40.364 [info] > git ls-files --stage -- /home/makarowgr/kti-infrastructure/Dockerfile [16ms]
2022-12-10 16:43:10.682 [info] > git check-ignore -v -z --stdin [8ms]
2022-12-10 16:43:24.468 [warning] No remotes found in the git config file.
2022-12-10 16:43:24.472 [info] > git for-each-ref --format=%(refname)%00%(upstream:short)%00%(objectname)%00%(upstream:track)%00%(upstream:remotename)%00%(upstream:remoteref) refs/heads/master refs/remotes/master [21ms]
2022-12-10 16:43:24.475 [info] > git config --get commit.template [45ms]
2022-12-10 16:43:24.477 [info] > git remote --verbose [10ms]
2022-12-10 16:43:24.517 [info] > git for-each-ref --sort -committerdate --format %(refname) %(objectname) %(*objectname) [11ms]
2022-12-10 16:43:24.582 [info] > git status -z -uall [90ms]
2022-12-10 16:43:32.219 [info] > git show --textconv :kti-infrastructure/app/requirements.txt [28ms]
2022-12-10 16:43:32.219 [info] > git ls-files --stage -- /home/makarowgr/kti-infrastructure/app/requirements.txt [3ms]
2022-12-10 16:43:32.907 [warning] ENOENT: no such file or directory, open '/home/makarowgr/app/.git/HEAD'
2022-12-10 16:43:32.963 [warning] ENOENT: no such file or directory, open '/home/makarowgr/app/.git/config'
2022-12-10 16:43:33.688 [info] > git check-ignore -v -z --stdin [4ms]
2022-12-10 16:43:41.315 [info] > git show --textconv :kti-infrastructure/app/auth.py [50ms]
2022-12-10 16:43:41.319 [info] > git ls-files --stage -- /home/makarowgr/kti-infrastructure/app/auth.py [12ms]
2022-12-10 16:44:18.480 [info] > git ls-files --stage -- /home/makarowgr/kti-infrastructure/app/requirements.txt [19ms]
2022-12-10 16:44:18.486 [info] > git ls-files --stage -- /home/makarowgr/kti-infrastructure/Dockerfile [40ms]
2022-12-10 16:44:18.498 [info] > git ls-files --stage -- /home/makarowgr/kti-infrastructure/.gitignore [67ms]
2022-12-10 16:44:18.511 [info] > git ls-files --stage -- /home/makarowgr/kti-infrastructure/docker-compose.yaml [94ms]
2022-12-10 16:44:18.523 [info] > git ls-files --stage -- /home/makarowgr/kti-infrastructure/init [126ms]
2022-12-10 16:44:18.540 [info] > git cat-file -s ad3921cb10a4ef81999eeb9f10a46ae6488c74ef [17ms]
2022-12-10 16:44:18.543 [info] > git cat-file -s e6823f659c36f50bd42f2c3345cf1ed547f46ae4 [32ms]
2022-12-10 16:44:18.544 [info] > git cat-file -s 061c381784abbe77ad6993c3001887e32302efd5 [47ms]
2022-12-10 16:44:18.545 [info] > git ls-files --stage -- /home/makarowgr/kti-infrastructure/app/auth.py [68ms]
2022-12-10 16:44:18.550 [info] > git cat-file -s 9dae9bab84e2718a97f660f623bbe6f593aa3dc0 [15ms]
2022-12-10 16:44:18.580 [info] > git show --textconv :kti-infrastructure/app/requirements.txt [1ms]
2022-12-10 16:44:18.648 [info] > git show --textconv :kti-infrastructure/docker-compose.yaml [47ms]
2022-12-10 16:44:18.649 [info] > git show --textconv :kti-infrastructure/.gitignore [35ms]
2022-12-10 16:44:18.649 [info] > git show --textconv :kti-infrastructure/Dockerfile [17ms]
2022-12-10 16:44:18.650 [info] > git show --textconv :kti-infrastructure/app/auth.py [6ms]
2022-12-10 16:44:18.685 [info] > git show --textconv :kti-infrastructure/init [6ms]
2022-12-10 16:44:49.508 [info] > git ls-files --stage -- /home/makarowgr/kti-infrastructure/app/requirements.txt [16ms]
2022-12-10 16:44:49.512 [info] > git ls-files --stage -- /home/makarowgr/kti-infrastructure/Dockerfile [34ms]
2022-12-10 16:44:49.525 [info] > git ls-files --stage -- /home/makarowgr/kti-infrastructure/.gitignore [64ms]
2022-12-10 16:44:49.538 [info] > git ls-files --stage -- /home/makarowgr/kti-infrastructure/docker-compose.yaml [90ms]
2022-12-10 16:44:49.550 [info] > git ls-files --stage -- /home/makarowgr/kti-infrastructure/init [117ms]
2022-12-10 16:44:49.568 [info] > git cat-file -s ad3921cb10a4ef81999eeb9f10a46ae6488c74ef [18ms]
2022-12-10 16:44:49.570 [info] > git cat-file -s e6823f659c36f50bd42f2c3345cf1ed547f46ae4 [33ms]
2022-12-10 16:44:49.572 [info] > git cat-file -s 061c381784abbe77ad6993c3001887e32302efd5 [48ms]
2022-12-10 16:44:49.573 [info] > git ls-files --stage -- /home/makarowgr/kti-infrastructure/app/auth.py [70ms]
2022-12-10 16:44:49.576 [info] > git cat-file -s 9dae9bab84e2718a97f660f623bbe6f593aa3dc0 [11ms]
2022-12-10 16:44:49.648 [info] > git show --textconv :kti-infrastructure/app/requirements.txt [50ms]
2022-12-10 16:44:49.648 [info] > git show --textconv :kti-infrastructure/docker-compose.yaml [37ms]
2022-12-10 16:44:49.649 [info] > git show --textconv :kti-infrastructure/.gitignore [28ms]
2022-12-10 16:44:49.649 [info] > git show --textconv :kti-infrastructure/Dockerfile [16ms]
2022-12-10 16:44:49.649 [info] > git show --textconv :kti-infrastructure/app/auth.py [4ms]
2022-12-10 16:44:49.674 [info] > git show --textconv :kti-infrastructure/init [8ms]
2022-12-10 16:45:21.561 [info] > git ls-files --stage -- /home/makarowgr/kti-infrastructure/app/requirements.txt [20ms]
2022-12-10 16:45:21.566 [info] > git ls-files --stage -- /home/makarowgr/kti-infrastructure/Dockerfile [42ms]
2022-12-10 16:45:21.580 [info] > git ls-files --stage -- /home/makarowgr/kti-infrastructure/.gitignore [71ms]
2022-12-10 16:45:21.595 [info] > git ls-files --stage -- /home/makarowgr/kti-infrastructure/docker-compose.yaml [104ms]
2022-12-10 16:45:21.610 [info] > git ls-files --stage -- /home/makarowgr/kti-infrastructure/init [135ms]
2022-12-10 16:45:21.627 [info] > git cat-file -s ad3921cb10a4ef81999eeb9f10a46ae6488c74ef [18ms]
2022-12-10 16:45:21.629 [info] > git cat-file -s e6823f659c36f50bd42f2c3345cf1ed547f46ae4 [35ms]
2022-12-10 16:45:21.631 [info] > git cat-file -s 061c381784abbe77ad6993c3001887e32302efd5 [52ms]
2022-12-10 16:45:21.632 [info] > git ls-files --stage -- /home/makarowgr/kti-infrastructure/app/auth.py [74ms]
2022-12-10 16:45:21.635 [info] > git cat-file -s 9dae9bab84e2718a97f660f623bbe6f593aa3dc0 [15ms]
2022-12-10 16:45:21.707 [info] > git show --textconv :kti-infrastructure/app/requirements.txt [47ms]
2022-12-10 16:45:21.708 [info] > git show --textconv :kti-infrastructure/docker-compose.yaml [39ms]
2022-12-10 16:45:21.708 [info] > git show --textconv :kti-infrastructure/.gitignore [29ms]
2022-12-10 16:45:21.708 [info] > git show --textconv :kti-infrastructure/Dockerfile [19ms]
2022-12-10 16:45:21.711 [info] > git show --textconv :kti-infrastructure/app/auth.py [6ms]
2022-12-10 16:45:21.731 [info] > git show --textconv :kti-infrastructure/init [7ms]
2022-12-10 16:47:23.577 [info] > git check-ignore -v -z --stdin [6ms]
2022-12-10 16:47:51.699 [info] > git ls-files --stage -- /home/makarowgr/kti-infrastructure/Dockerfile [41ms]
2022-12-10 16:47:51.715 [info] > git ls-files --stage -- /home/makarowgr/kti-infrastructure/.gitignore [71ms]
2022-12-10 16:47:51.730 [info] > git ls-files --stage -- /home/makarowgr/kti-infrastructure/docker-compose.yaml [106ms]
2022-12-10 16:47:51.744 [info] > git ls-files --stage -- /home/makarowgr/kti-infrastructure/init [152ms]
2022-12-10 16:47:51.755 [info] > git cat-file -s ad3921cb10a4ef81999eeb9f10a46ae6488c74ef [11ms]
2022-12-10 16:47:51.757 [info] > git cat-file -s e6823f659c36f50bd42f2c3345cf1ed547f46ae4 [28ms]
2022-12-10 16:47:51.758 [info] > git cat-file -s 061c381784abbe77ad6993c3001887e32302efd5 [45ms]
2022-12-10 16:47:51.759 [info] > git ls-files --stage -- /home/makarowgr/kti-infrastructure/app/requirements.txt [81ms]
2022-12-10 16:47:51.766 [info] > git ls-files --stage -- /home/makarowgr/kti-infrastructure/app/auth.py [70ms]
2022-12-10 16:47:51.768 [info] > git cat-file -s 9dae9bab84e2718a97f660f623bbe6f593aa3dc0 [15ms]
2022-12-10 16:47:51.835 [info] > git show --textconv :kti-infrastructure/docker-compose.yaml [47ms]
2022-12-10 16:47:51.837 [info] > git show --textconv :kti-infrastructure/.gitignore [40ms]
2022-12-10 16:47:51.838 [info] > git show --textconv :kti-infrastructure/Dockerfile [29ms]
2022-12-10 16:47:51.838 [info] > git show --textconv :kti-infrastructure/app/requirements.txt [17ms]
2022-12-10 16:47:51.839 [info] > git show --textconv :kti-infrastructure/app/auth.py [6ms]
2022-12-10 16:47:51.866 [info] > git show --textconv :kti-infrastructure/init [6ms]
2022-12-10 16:50:34.715 [info] > git ls-files --stage -- /home/makarowgr/kti-infrastructure/app/requirements.txt [13ms]
2022-12-10 16:50:34.716 [info] > git ls-files --stage -- /home/makarowgr/kti-infrastructure/Dockerfile [25ms]
2022-12-10 16:50:34.737 [info] > git ls-files --stage -- /home/makarowgr/kti-infrastructure/.gitignore [58ms]
2022-12-10 16:50:34.746 [info] > git ls-files --stage -- /home/makarowgr/kti-infrastructure/docker-compose.yaml [78ms]
2022-12-10 16:50:34.755 [info] > git ls-files --stage -- /home/makarowgr/kti-infrastructure/init [95ms]
2022-12-10 16:50:34.767 [info] > git cat-file -s ad3921cb10a4ef81999eeb9f10a46ae6488c74ef [12ms]
2022-12-10 16:50:34.768 [info] > git cat-file -s e6823f659c36f50bd42f2c3345cf1ed547f46ae4 [23ms]
2022-12-10 16:50:34.768 [info] > git cat-file -s 061c381784abbe77ad6993c3001887e32302efd5 [31ms]
2022-12-10 16:50:34.769 [info] > git ls-files --stage -- /home/makarowgr/kti-infrastructure/app/auth.py [56ms]
2022-12-10 16:50:34.771 [info] > git cat-file -s 9dae9bab84e2718a97f660f623bbe6f593aa3dc0 [8ms]
2022-12-10 16:50:34.842 [info] > git show --textconv :kti-infrastructure/app/requirements.txt [56ms]
2022-12-10 16:50:34.842 [info] > git show --textconv :kti-infrastructure/docker-compose.yaml [43ms]
2022-12-10 16:50:34.842 [info] > git show --textconv :kti-infrastructure/.gitignore [29ms]
2022-12-10 16:50:34.842 [info] > git show --textconv :kti-infrastructure/Dockerfile [20ms]
2022-12-10 16:50:34.842 [info] > git show --textconv :kti-infrastructure/app/auth.py [11ms]
2022-12-10 16:50:34.846 [info] > git show --textconv :kti-infrastructure/init [5ms]
2022-12-10 16:54:10.108 [info] > git check-ignore -v -z --stdin [11ms]
2022-12-10 16:57:09.961 [info] > git ls-files --stage -- /home/makarowgr/kti-infrastructure/app/requirements.txt [19ms]
2022-12-10 16:57:09.963 [info] > git ls-files --stage -- /home/makarowgr/kti-infrastructure/Dockerfile [33ms]
2022-12-10 16:57:09.975 [info] > git ls-files --stage -- /home/makarowgr/kti-infrastructure/.gitignore [58ms]
2022-12-10 16:57:09.988 [info] > git ls-files --stage -- /home/makarowgr/kti-infrastructure/docker-compose.yaml [83ms]
2022-12-10 16:57:10.001 [info] > git ls-files --stage -- /home/makarowgr/kti-infrastructure/init [111ms]
2022-12-10 16:57:10.015 [info] > git cat-file -s ad3921cb10a4ef81999eeb9f10a46ae6488c74ef [15ms]
2022-12-10 16:57:10.017 [info] > git cat-file -s e6823f659c36f50bd42f2c3345cf1ed547f46ae4 [30ms]
2022-12-10 16:57:10.019 [info] > git cat-file -s 061c381784abbe77ad6993c3001887e32302efd5 [44ms]
2022-12-10 16:57:10.020 [info] > git ls-files --stage -- /home/makarowgr/kti-infrastructure/app/auth.py [64ms]
2022-12-10 16:57:10.022 [info] > git cat-file -s 9dae9bab84e2718a97f660f623bbe6f593aa3dc0 [8ms]
2022-12-10 16:57:10.100 [info] > git show --textconv :kti-infrastructure/app/requirements.txt [54ms]
2022-12-10 16:57:10.100 [info] > git show --textconv :kti-infrastructure/docker-compose.yaml [40ms]
2022-12-10 16:57:10.101 [info] > git show --textconv :kti-infrastructure/.gitignore [30ms]
2022-12-10 16:57:10.101 [info] > git show --textconv :kti-infrastructure/Dockerfile [15ms]
2022-12-10 16:57:10.139 [info] > git show --textconv :kti-infrastructure/app/auth.py [40ms]
2022-12-10 16:57:10.147 [info] > git show --textconv :kti-infrastructure/init [10ms]
2022-12-10 17:00:13.691 [info] > git ls-files --stage -- /home/makarowgr/kti-infrastructure/app/requirements.txt [13ms]
2022-12-10 17:00:13.694 [info] > git ls-files --stage -- /home/makarowgr/kti-infrastructure/Dockerfile [27ms]
2022-12-10 17:00:13.707 [info] > git ls-files --stage -- /home/makarowgr/kti-infrastructure/.gitignore [52ms]
2022-12-10 17:00:13.717 [info] > git ls-files --stage -- /home/makarowgr/kti-infrastructure/docker-compose.yaml [75ms]
2022-12-10 17:00:13.728 [info] > git ls-files --stage -- /home/makarowgr/kti-infrastructure/init [103ms]
2022-12-10 17:00:13.741 [info] > git cat-file -s ad3921cb10a4ef81999eeb9f10a46ae6488c74ef [14ms]
2022-12-10 17:00:13.743 [info] > git cat-file -s e6823f659c36f50bd42f2c3345cf1ed547f46ae4 [27ms]
2022-12-10 17:00:13.743 [info] > git cat-file -s 061c381784abbe77ad6993c3001887e32302efd5 [37ms]
2022-12-10 17:00:13.744 [info] > git ls-files --stage -- /home/makarowgr/kti-infrastructure/app/auth.py [55ms]
2022-12-10 17:00:13.745 [info] > git cat-file -s 9dae9bab84e2718a97f660f623bbe6f593aa3dc0 [6ms]
2022-12-10 17:00:13.818 [info] > git show --textconv :kti-infrastructure/app/requirements.txt [48ms]
2022-12-10 17:00:13.818 [info] > git show --textconv :kti-infrastructure/docker-compose.yaml [34ms]
2022-12-10 17:00:13.818 [info] > git show --textconv :kti-infrastructure/.gitignore [23ms]
2022-12-10 17:00:13.818 [info] > git show --textconv :kti-infrastructure/Dockerfile [12ms]
2022-12-10 17:00:13.822 [info] > git show --textconv :kti-infrastructure/app/auth.py [6ms]
2022-12-10 17:00:13.839 [info] > git show --textconv :kti-infrastructure/init [7ms]
2022-12-10 17:00:27.239 [info] > git show --textconv :kti-infrastructure/app/app.py [11ms]
2022-12-10 17:00:27.244 [info] > git ls-files --stage -- /home/makarowgr/kti-infrastructure/app/app.py [5ms]
2022-12-10 17:12:59.476 [info] > git for-each-ref --format=%(refname)%00%(upstream:short)%00%(objectname)%00%(upstream:track)%00%(upstream:remotename)%00%(upstream:remoteref) refs/heads/master refs/remotes/master [13ms]
2022-12-10 17:12:59.484 [info] > git config --get commit.template [40ms]
2022-12-10 17:12:59.547 [info] > git for-each-ref --sort -committerdate --format %(refname) %(objectname) %(*objectname) [12ms]
2022-12-10 17:12:59.600 [info] > git status -z -uall [97ms]
2022-12-10 17:13:04.760 [info] > git config --get commit.template [18ms]
2022-12-10 17:13:04.763 [info] > git for-each-ref --format=%(refname)%00%(upstream:short)%00%(objectname)%00%(upstream:track)%00%(upstream:remotename)%00%(upstream:remoteref) refs/heads/master refs/remotes/master [5ms]
2022-12-10 17:13:04.820 [info] > git for-each-ref --sort -committerdate --format %(refname) %(objectname) %(*objectname) [17ms]
2022-12-10 17:13:04.866 [info] > git status -z -uall [82ms]
2022-12-10 17:13:09.901 [info] > git config --get commit.template [15ms]
2022-12-10 17:13:09.903 [info] > git for-each-ref --format=%(refname)%00%(upstream:short)%00%(objectname)%00%(upstream:track)%00%(upstream:remotename)%00%(upstream:remoteref) refs/heads/master refs/remotes/master [4ms]
2022-12-10 17:13:09.940 [info] > git for-each-ref --sort -committerdate --format %(refname) %(objectname) %(*objectname) [5ms]
2022-12-10 17:13:09.987 [info] > git status -z -uall [70ms]
2022-12-10 17:13:15.020 [info] > git config --get commit.template [15ms]
2022-12-10 17:13:15.021 [info] > git for-each-ref --format=%(refname)%00%(upstream:short)%00%(objectname)%00%(upstream:track)%00%(upstream:remotename)%00%(upstream:remoteref) refs/heads/master refs/remotes/master [4ms]
2022-12-10 17:13:15.071 [info] > git for-each-ref --sort -committerdate --format %(refname) %(objectname) %(*objectname) [23ms]
2022-12-10 17:13:15.088 [info] > git status -z -uall [56ms]
2022-12-10 17:13:20.125 [info] > git config --get commit.template [18ms]
2022-12-10 17:13:20.127 [info] > git for-each-ref --format=%(refname)%00%(upstream:short)%00%(objectname)%00%(upstream:track)%00%(upstream:remotename)%00%(upstream:remoteref) refs/heads/master refs/remotes/master [6ms]
2022-12-10 17:13:20.189 [info] > git for-each-ref --sort -committerdate --format %(refname) %(objectname) %(*objectname) [15ms]
2022-12-10 17:13:20.218 [info] > git status -z -uall [75ms]
2022-12-10 17:13:25.256 [info] > git config --get commit.template [17ms]
2022-12-10 17:13:25.258 [info] > git for-each-ref --format=%(refname)%00%(upstream:short)%00%(objectname)%00%(upstream:track)%00%(upstream:remotename)%00%(upstream:remoteref) refs/heads/master refs/remotes/master [5ms]
2022-12-10 17:13:25.321 [info] > git for-each-ref --sort -committerdate --format %(refname) %(objectname) %(*objectname) [8ms]
2022-12-10 17:13:25.376 [info] > git status -z -uall [104ms]
2022-12-10 17:13:30.413 [info] > git config --get commit.template [17ms]
2022-12-10 17:13:30.415 [info] > git for-each-ref --format=%(refname)%00%(upstream:short)%00%(objectname)%00%(upstream:track)%00%(upstream:remotename)%00%(upstream:remoteref) refs/heads/master refs/remotes/master [3ms]
2022-12-10 17:13:30.477 [info] > git for-each-ref --sort -committerdate --format %(refname) %(objectname) %(*objectname) [7ms]
2022-12-10 17:13:30.508 [info] > git status -z -uall [79ms]
2022-12-10 17:13:35.546 [info] > git config --get commit.template [17ms]
2022-12-10 17:13:35.548 [info] > git for-each-ref --format=%(refname)%00%(upstream:short)%00%(objectname)%00%(upstream:track)%00%(upstream:remotename)%00%(upstream:remoteref) refs/heads/master refs/remotes/master [4ms]
2022-12-10 17:13:35.591 [info] > git for-each-ref --sort -committerdate --format %(refname) %(objectname) %(*objectname) [7ms]
2022-12-10 17:13:35.629 [info] > git status -z -uall [69ms]
2022-12-10 17:13:40.663 [info] > git config --get commit.template [16ms]
2022-12-10 17:13:40.665 [info] > git for-each-ref --format=%(refname)%00%(upstream:short)%00%(objectname)%00%(upstream:track)%00%(upstream:remotename)%00%(upstream:remoteref) refs/heads/master refs/remotes/master [3ms]
2022-12-10 17:13:40.711 [info] > git for-each-ref --sort -committerdate --format %(refname) %(objectname) %(*objectname) [11ms]
2022-12-10 17:13:40.730 [info] > git status -z -uall [54ms]
2022-12-10 17:13:45.759 [info] > git config --get commit.template [14ms]
2022-12-10 17:13:45.761 [info] > git for-each-ref --format=%(refname)%00%(upstream:short)%00%(objectname)%00%(upstream:track)%00%(upstream:remotename)%00%(upstream:remoteref) refs/heads/master refs/remotes/master [3ms]
2022-12-10 17:13:45.789 [info] > git for-each-ref --sort -committerdate --format %(refname) %(objectname) %(*objectname) [11ms]
2022-12-10 17:13:45.827 [info] > git status -z -uall [57ms]
2022-12-10 17:13:50.868 [info] > git config --get commit.template [19ms]
2022-12-10 17:13:50.871 [info] > git for-each-ref --format=%(refname)%00%(upstream:short)%00%(objectname)%00%(upstream:track)%00%(upstream:remotename)%00%(upstream:remoteref) refs/heads/master refs/remotes/master [4ms]
2022-12-10 17:13:50.915 [info] > git for-each-ref --sort -committerdate --format %(refname) %(objectname) %(*objectname) [10ms]
2022-12-10 17:13:50.971 [info] > git status -z -uall [86ms]
2022-12-10 17:13:56.020 [info] > git config --get commit.template [22ms]
2022-12-10 17:13:56.021 [info] > git for-each-ref --format=%(refname)%00%(upstream:short)%00%(objectname)%00%(upstream:track)%00%(upstream:remotename)%00%(upstream:remoteref) refs/heads/master refs/remotes/master [6ms]
2022-12-10 17:13:56.071 [info] > git for-each-ref --sort -committerdate --format %(refname) %(objectname) %(*objectname) [9ms]
2022-12-10 17:13:56.125 [info] > git status -z -uall [86ms]
2022-12-10 17:14:01.155 [info] > git config --get commit.template [6ms]
2022-12-10 17:14:01.175 [info] > git for-each-ref --format=%(refname)%00%(upstream:short)%00%(objectname)%00%(upstream:track)%00%(upstream:remotename)%00%(upstream:remoteref) refs/heads/master refs/remotes/master [4ms]
2022-12-10 17:14:01.217 [info] > git for-each-ref --sort -committerdate --format %(refname) %(objectname) %(*objectname) [8ms]
2022-12-10 17:14:01.257 [info] > git status -z -uall [65ms]
2022-12-10 17:14:06.282 [info] > git config --get commit.template [5ms]
2022-12-10 17:14:06.299 [info] > git for-each-ref --format=%(refname)%00%(upstream:short)%00%(objectname)%00%(upstream:track)%00%(upstream:remotename)%00%(upstream:remoteref) refs/heads/master refs/remotes/master [4ms]
2022-12-10 17:14:06.340 [info] > git for-each-ref --sort -committerdate --format %(refname) %(objectname) %(*objectname) [16ms]
2022-12-10 17:14:06.377 [info] > git status -z -uall [67ms]
2022-12-10 17:14:11.411 [info] > git config --get commit.template [17ms]
2022-12-10 17:14:11.413 [info] > git for-each-ref --format=%(refname)%00%(upstream:short)%00%(objectname)%00%(upstream:track)%00%(upstream:remotename)%00%(upstream:remoteref) refs/heads/master refs/remotes/master [4ms]
2022-12-10 17:14:11.452 [info] > git for-each-ref --sort -committerdate --format %(refname) %(objectname) %(*objectname) [10ms]
2022-12-10 17:14:11.506 [info] > git status -z -uall [80ms]
2022-12-10 17:14:16.534 [info] > git config --get commit.template [6ms]
2022-12-10 17:14:16.550 [info] > git for-each-ref --format=%(refname)%00%(upstream:short)%00%(objectname)%00%(upstream:track)%00%(upstream:remotename)%00%(upstream:remoteref) refs/heads/master refs/remotes/master [4ms]
2022-12-10 17:14:16.587 [info] > git for-each-ref --sort -committerdate --format %(refname) %(objectname) %(*objectname) [9ms]
2022-12-10 17:14:16.633 [info] > git status -z -uall [71ms]
2022-12-10 17:14:21.675 [info] > git config --get commit.template [18ms]
2022-12-10 17:14:21.677 [info] > git for-each-ref --format=%(refname)%00%(upstream:short)%00%(objectname)%00%(upstream:track)%00%(upstream:remotename)%00%(upstream:remoteref) refs/heads/master refs/remotes/master [4ms]
2022-12-10 17:14:21.716 [info] > git for-each-ref --sort -committerdate --format %(refname) %(objectname) %(*objectname) [13ms]
2022-12-10 17:14:21.771 [info] > git status -z -uall [81ms]
2022-12-10 17:14:26.802 [info] > git config --get commit.template [14ms]
2022-12-10 17:14:26.805 [info] > git for-each-ref --format=%(refname)%00%(upstream:short)%00%(objectname)%00%(upstream:track)%00%(upstream:remotename)%00%(upstream:remoteref) refs/heads/master refs/remotes/master [3ms]
2022-12-10 17:14:26.839 [info] > git for-each-ref --sort -committerdate --format %(refname) %(objectname) %(*objectname) [9ms]
2022-12-10 17:14:26.870 [info] > git status -z -uall [53ms]
2022-12-10 17:14:31.908 [info] > git for-each-ref --format=%(refname)%00%(upstream:short)%00%(objectname)%00%(upstream:track)%00%(upstream:remotename)%00%(upstream:remoteref) refs/heads/master refs/remotes/master [5ms]
2022-12-10 17:14:31.909 [info] > git config --get commit.template [21ms]
2022-12-10 17:14:31.942 [info] > git for-each-ref --sort -committerdate --format %(refname) %(objectname) %(*objectname) [10ms]
2022-12-10 17:14:31.973 [info] > git status -z -uall [53ms]
2022-12-10 17:14:37.009 [info] > git config --get commit.template [18ms]
2022-12-10 17:14:37.011 [info] > git for-each-ref --format=%(refname)%00%(upstream:short)%00%(objectname)%00%(upstream:track)%00%(upstream:remotename)%00%(upstream:remoteref) refs/heads/master refs/remotes/master [4ms]
2022-12-10 17:14:37.056 [info] > git for-each-ref --sort -committerdate --format %(refname) %(objectname) %(*objectname) [16ms]
2022-12-10 17:14:37.098 [info] > git status -z -uall [76ms]
2022-12-10 17:14:42.120 [info] > git config --get commit.template [4ms]
2022-12-10 17:14:42.138 [info] > git for-each-ref --format=%(refname)%00%(upstream:short)%00%(objectname)%00%(upstream:track)%00%(upstream:remotename)%00%(upstream:remoteref) refs/heads/master refs/remotes/master [4ms]
2022-12-10 17:14:42.188 [info] > git for-each-ref --sort -committerdate --format %(refname) %(objectname) %(*objectname) [15ms]
2022-12-10 17:14:42.227 [info] > git status -z -uall [77ms]
2022-12-10 17:14:47.264 [info] > git config --get commit.template [18ms]
2022-12-10 17:14:47.265 [info] > git for-each-ref --format=%(refname)%00%(upstream:short)%00%(objectname)%00%(upstream:track)%00%(upstream:remotename)%00%(upstream:remoteref) refs/heads/master refs/remotes/master [7ms]
2022-12-10 17:14:47.310 [info] > git for-each-ref --sort -committerdate --format %(refname) %(objectname) %(*objectname) [7ms]
2022-12-10 17:14:47.338 [info] > git status -z -uall [57ms]
2022-12-10 17:14:52.373 [info] > git config --get commit.template [18ms]
2022-12-10 17:14:52.376 [info] > git for-each-ref --format=%(refname)%00%(upstream:short)%00%(objectname)%00%(upstream:track)%00%(upstream:remotename)%00%(upstream:remoteref) refs/heads/master refs/remotes/master [5ms]
2022-12-10 17:14:52.410 [info] > git for-each-ref --sort -committerdate --format %(refname) %(objectname) %(*objectname) [4ms]
2022-12-10 17:14:52.470 [info] > git status -z -uall [78ms]
2022-12-10 17:14:57.505 [info] > git config --get commit.template [15ms]
2022-12-10 17:14:57.509 [info] > git for-each-ref --format=%(refname)%00%(upstream:short)%00%(objectname)%00%(upstream:track)%00%(upstream:remotename)%00%(upstream:remoteref) refs/heads/master refs/remotes/master [5ms]
2022-12-10 17:14:57.548 [info] > git for-each-ref --sort -committerdate --format %(refname) %(objectname) %(*objectname) [7ms]
2022-12-10 17:14:57.589 [info] > git status -z -uall [69ms]
2022-12-10 17:15:02.631 [info] > git config --get commit.template [21ms]
2022-12-10 17:15:02.634 [info] > git for-each-ref --format=%(refname)%00%(upstream:short)%00%(objectname)%00%(upstream:track)%00%(upstream:remotename)%00%(upstream:remoteref) refs/heads/master refs/remotes/master [4ms]
2022-12-10 17:15:02.675 [info] > git for-each-ref --sort -committerdate --format %(refname) %(objectname) %(*objectname) [8ms]
2022-12-10 17:15:02.714 [info] > git status -z -uall [69ms]
2022-12-10 17:15:07.755 [info] > git config --get commit.template [17ms]
2022-12-10 17:15:07.772 [info] > git for-each-ref --format=%(refname)%00%(upstream:short)%00%(objectname)%00%(upstream:track)%00%(upstream:remotename)%00%(upstream:remoteref) refs/heads/master refs/remotes/master [4ms]
2022-12-10 17:15:07.824 [info] > git for-each-ref --sort -committerdate --format %(refname) %(objectname) %(*objectname) [15ms]
2022-12-10 17:15:07.864 [info] > git status -z -uall [77ms]
2022-12-10 17:15:12.892 [info] > git config --get commit.template [14ms]
2022-12-10 17:15:12.894 [info] > git for-each-ref --format=%(refname)%00%(upstream:short)%00%(objectname)%00%(upstream:track)%00%(upstream:remotename)%00%(upstream:remoteref) refs/heads/master refs/remotes/master [3ms]
2022-12-10 17:15:12.919 [info] > git for-each-ref --sort -committerdate --format %(refname) %(objectname) %(*objectname) [4ms]
2022-12-10 17:15:12.953 [info] > git status -z -uall [50ms]
2022-12-10 17:15:17.986 [info] > git config --get commit.template [13ms]
2022-12-10 17:15:17.987 [info] > git for-each-ref --format=%(refname)%00%(upstream:short)%00%(objectname)%00%(upstream:track)%00%(upstream:remotename)%00%(upstream:remoteref) refs/heads/master refs/remotes/master [3ms]
2022-12-10 17:15:18.020 [info] > git for-each-ref --sort -committerdate --format %(refname) %(objectname) %(*objectname) [3ms]
2022-12-10 17:15:18.048 [info] > git status -z -uall [50ms]
2022-12-10 17:15:23.084 [info] > git config --get commit.template [19ms]
2022-12-10 17:15:23.089 [info] > git for-each-ref --format=%(refname)%00%(upstream:short)%00%(objectname)%00%(upstream:track)%00%(upstream:remotename)%00%(upstream:remoteref) refs/heads/master refs/remotes/master [6ms]
2022-12-10 17:15:23.135 [info] > git for-each-ref --sort -committerdate --format %(refname) %(objectname) %(*objectname) [7ms]
2022-12-10 17:15:23.177 [info] > git status -z -uall [70ms]
2022-12-10 17:15:28.203 [info] > git config --get commit.template [5ms]
2022-12-10 17:15:28.221 [info] > git for-each-ref --format=%(refname)%00%(upstream:short)%00%(objectname)%00%(upstream:track)%00%(upstream:remotename)%00%(upstream:remoteref) refs/heads/master refs/remotes/master [3ms]
2022-12-10 17:15:28.267 [info] > git for-each-ref --sort -committerdate --format %(refname) %(objectname) %(*objectname) [13ms]
2022-12-10 17:15:28.304 [info] > git status -z -uall [70ms]
2022-12-10 17:15:33.346 [info] > git config --get commit.template [17ms]
2022-12-10 17:15:33.348 [info] > git for-each-ref --format=%(refname)%00%(upstream:short)%00%(objectname)%00%(upstream:track)%00%(upstream:remotename)%00%(upstream:remoteref) refs/heads/master refs/remotes/master [4ms]
2022-12-10 17:15:33.392 [info] > git for-each-ref --sort -committerdate --format %(refname) %(objectname) %(*objectname) [8ms]
2022-12-10 17:15:33.441 [info] > git status -z -uall [80ms]
2022-12-10 17:15:38.464 [info] > git config --get commit.template [3ms]
2022-12-10 17:15:38.479 [info] > git for-each-ref --format=%(refname)%00%(upstream:short)%00%(objectname)%00%(upstream:track)%00%(upstream:remotename)%00%(upstream:remoteref) refs/heads/master refs/remotes/master [2ms]
2022-12-10 17:15:38.524 [info] > git for-each-ref --sort -committerdate --format %(refname) %(objectname) %(*objectname) [12ms]
2022-12-10 17:15:38.547 [info] > git status -z -uall [55ms]
2022-12-10 17:15:43.570 [info] > git config --get commit.template [3ms]
2022-12-10 17:15:43.585 [info] > git for-each-ref --format=%(refname)%00%(upstream:short)%00%(objectname)%00%(upstream:track)%00%(upstream:remotename)%00%(upstream:remoteref) refs/heads/master refs/remotes/master [2ms]
2022-12-10 17:15:43.627 [info] > git for-each-ref --sort -committerdate --format %(refname) %(objectname) %(*objectname) [9ms]
2022-12-10 17:15:43.660 [info] > git status -z -uall [63ms]
2022-12-10 17:15:48.697 [info] > git config --get commit.template [18ms]
2022-12-10 17:15:48.699 [info] > git for-each-ref --format=%(refname)%00%(upstream:short)%00%(objectname)%00%(upstream:track)%00%(upstream:remotename)%00%(upstream:remoteref) refs/heads/master refs/remotes/master [4ms]
2022-12-10 17:15:48.754 [info] > git for-each-ref --sort -committerdate --format %(refname) %(objectname) %(*objectname) [16ms]
2022-12-10 17:15:48.798 [info] > git status -z -uall [86ms]
2022-12-10 17:15:53.833 [info] > git config --get commit.template [16ms]
2022-12-10 17:15:53.835 [info] > git for-each-ref --format=%(refname)%00%(upstream:short)%00%(objectname)%00%(upstream:track)%00%(upstream:remotename)%00%(upstream:remoteref) refs/heads/master refs/remotes/master [4ms]
2022-12-10 17:15:53.879 [info] > git for-each-ref --sort -committerdate --format %(refname) %(objectname) %(*objectname) [18ms]
2022-12-10 17:15:53.938 [info] > git status -z -uall [91ms]
2022-12-10 17:15:58.975 [info] > git config --get commit.template [15ms]
2022-12-10 17:15:58.977 [info] > git for-each-ref --format=%(refname)%00%(upstream:short)%00%(objectname)%00%(upstream:track)%00%(upstream:remotename)%00%(upstream:remoteref) refs/heads/master refs/remotes/master [4ms]
2022-12-10 17:15:59.007 [info] > git for-each-ref --sort -committerdate --format %(refname) %(objectname) %(*objectname) [9ms]
2022-12-10 17:15:59.057 [info] > git status -z -uall [69ms]
2022-12-10 17:16:04.102 [info] > git config --get commit.template [14ms]
2022-12-10 17:16:04.105 [info] > git for-each-ref --format=%(refname)%00%(upstream:short)%00%(objectname)%00%(upstream:track)%00%(upstream:remotename)%00%(upstream:remoteref) refs/heads/master refs/remotes/master [4ms]
2022-12-10 17:16:04.136 [info] > git for-each-ref --sort -committerdate --format %(refname) %(objectname) %(*objectname) [5ms]
2022-12-10 17:16:04.170 [info] > git status -z -uall [53ms]
2022-12-10 17:16:09.204 [info] > git config --get commit.template [16ms]
2022-12-10 17:16:09.205 [info] > git for-each-ref --format=%(refname)%00%(upstream:short)%00%(objectname)%00%(upstream:track)%00%(upstream:remotename)%00%(upstream:remoteref) refs/heads/master refs/remotes/master [2ms]
2022-12-10 17:16:09.251 [info] > git for-each-ref --sort -committerdate --format %(refname) %(objectname) %(*objectname) [12ms]
2022-12-10 17:16:09.280 [info] > git status -z -uall [64ms]
2022-12-10 17:16:14.315 [info] > git config --get commit.template [15ms]
2022-12-10 17:16:14.317 [info] > git for-each-ref --format=%(refname)%00%(upstream:short)%00%(objectname)%00%(upstream:track)%00%(upstream:remotename)%00%(upstream:remoteref) refs/heads/master refs/remotes/master [4ms]
2022-12-10 17:16:14.349 [info] > git for-each-ref --sort -committerdate --format %(refname) %(objectname) %(*objectname) [13ms]
2022-12-10 17:16:14.378 [info] > git status -z -uall [52ms]
2022-12-10 17:16:19.414 [info] > git config --get commit.template [19ms]
2022-12-10 17:16:19.417 [info] > git for-each-ref --format=%(refname)%00%(upstream:short)%00%(objectname)%00%(upstream:track)%00%(upstream:remotename)%00%(upstream:remoteref) refs/heads/master refs/remotes/master [5ms]
2022-12-10 17:16:19.462 [info] > git for-each-ref --sort -committerdate --format %(refname) %(objectname) %(*objectname) [7ms]
2022-12-10 17:16:19.519 [info] > git status -z -uall [86ms]
2022-12-10 17:16:24.557 [info] > git config --get commit.template [17ms]
2022-12-10 17:16:24.560 [info] > git for-each-ref --format=%(refname)%00%(upstream:short)%00%(objectname)%00%(upstream:track)%00%(upstream:remotename)%00%(upstream:remoteref) refs/heads/master refs/remotes/master [4ms]
2022-12-10 17:16:24.608 [info] > git for-each-ref --sort -committerdate --format %(refname) %(objectname) %(*objectname) [6ms]
2022-12-10 17:16:24.636 [info] > git status -z -uall [62ms]
2022-12-10 17:16:29.665 [info] > git config --get commit.template [16ms]
2022-12-10 17:16:29.667 [info] > git for-each-ref --format=%(refname)%00%(upstream:short)%00%(objectname)%00%(upstream:track)%00%(upstream:remotename)%00%(upstream:remoteref) refs/heads/master refs/remotes/master [3ms]
2022-12-10 17:16:29.699 [info] > git for-each-ref --sort -committerdate --format %(refname) %(objectname) %(*objectname) [13ms]
2022-12-10 17:16:29.733 [info] > git status -z -uall [57ms]
2022-12-10 17:16:34.772 [info] > git config --get commit.template [15ms]
2022-12-10 17:16:34.773 [info] > git for-each-ref --format=%(refname)%00%(upstream:short)%00%(objectname)%00%(upstream:track)%00%(upstream:remotename)%00%(upstream:remoteref) refs/heads/master refs/remotes/master [4ms]
2022-12-10 17:16:34.809 [info] > git for-each-ref --sort -committerdate --format %(refname) %(objectname) %(*objectname) [11ms]
2022-12-10 17:16:34.839 [info] > git status -z -uall [54ms]
2022-12-10 17:16:59.304 [info] > git config --get commit.template [29ms]
2022-12-10 17:16:59.306 [info] > git for-each-ref --format=%(refname)%00%(upstream:short)%00%(objectname)%00%(upstream:track)%00%(upstream:remotename)%00%(upstream:remoteref) refs/heads/master refs/remotes/master [3ms]
2022-12-10 17:16:59.350 [info] > git for-each-ref --sort -committerdate --format %(refname) %(objectname) %(*objectname) [10ms]
2022-12-10 17:16:59.380 [info] > git status -z -uall [59ms]
2022-12-10 17:18:11.685 [info] > git config --get commit.template [4ms]
2022-12-10 17:18:11.708 [info] > git for-each-ref --format=%(refname)%00%(upstream:short)%00%(objectname)%00%(upstream:track)%00%(upstream:remotename)%00%(upstream:remoteref) refs/heads/master refs/remotes/master [3ms]
2022-12-10 17:18:11.756 [info] > git for-each-ref --sort -committerdate --format %(refname) %(objectname) %(*objectname) [12ms]
2022-12-10 17:18:11.776 [info] > git status -z -uall [55ms]
2022-12-10 17:18:16.811 [info] > git config --get commit.template [17ms]
2022-12-10 17:18:16.816 [info] > git for-each-ref --format=%(refname)%00%(upstream:short)%00%(objectname)%00%(upstream:track)%00%(upstream:remotename)%00%(upstream:remoteref) refs/heads/master refs/remotes/master [8ms]
2022-12-10 17:18:16.868 [info] > git for-each-ref --sort -committerdate --format %(refname) %(objectname) %(*objectname) [8ms]
2022-12-10 17:18:16.897 [info] > git status -z -uall [63ms]
2022-12-10 17:18:21.939 [info] > git config --get commit.template [18ms]
2022-12-10 17:18:21.939 [info] > git for-each-ref --format=%(refname)%00%(upstream:short)%00%(objectname)%00%(upstream:track)%00%(upstream:remotename)%00%(upstream:remoteref) refs/heads/master refs/remotes/master [4ms]
2022-12-10 17:18:21.973 [info] > git for-each-ref --sort -committerdate --format %(refname) %(objectname) %(*objectname) [8ms]
2022-12-10 17:18:22.001 [info] > git status -z -uall [51ms]
2022-12-10 17:18:27.040 [info] > git config --get commit.template [17ms]
2022-12-10 17:18:27.041 [info] > git for-each-ref --format=%(refname)%00%(upstream:short)%00%(objectname)%00%(upstream:track)%00%(upstream:remotename)%00%(upstream:remoteref) refs/heads/master refs/remotes/master [3ms]
2022-12-10 17:18:27.093 [info] > git for-each-ref --sort -committerdate --format %(refname) %(objectname) %(*objectname) [32ms]
2022-12-10 17:18:27.126 [info] > git status -z -uall [73ms]
2022-12-10 17:18:32.167 [info] > git config --get commit.template [18ms]
2022-12-10 17:18:32.171 [info] > git for-each-ref --format=%(refname)%00%(upstream:short)%00%(objectname)%00%(upstream:track)%00%(upstream:remotename)%00%(upstream:remoteref) refs/heads/master refs/remotes/master [5ms]
2022-12-10 17:18:32.217 [info] > git for-each-ref --sort -committerdate --format %(refname) %(objectname) %(*objectname) [9ms]
2022-12-10 17:18:32.254 [info] > git status -z -uall [68ms]
2022-12-10 17:18:37.285 [info] > git config --get commit.template [11ms]
2022-12-10 17:18:37.286 [info] > git for-each-ref --format=%(refname)%00%(upstream:short)%00%(objectname)%00%(upstream:track)%00%(upstream:remotename)%00%(upstream:remoteref) refs/heads/master refs/remotes/master [3ms]
2022-12-10 17:18:37.325 [info] > git for-each-ref --sort -committerdate --format %(refname) %(objectname) %(*objectname) [6ms]
2022-12-10 17:18:37.358 [info] > git status -z -uall [61ms]
2022-12-10 17:18:42.389 [info] > git config --get commit.template [14ms]
2022-12-10 17:18:42.390 [info] > git for-each-ref --format=%(refname)%00%(upstream:short)%00%(objectname)%00%(upstream:track)%00%(upstream:remotename)%00%(upstream:remoteref) refs/heads/master refs/remotes/master [3ms]
2022-12-10 17:18:42.421 [info] > git for-each-ref --sort -committerdate --format %(refname) %(objectname) %(*objectname) [6ms]
2022-12-10 17:18:42.457 [info] > git status -z -uall [56ms]
2022-12-10 17:18:47.506 [info] > git for-each-ref --format=%(refname)%00%(upstream:short)%00%(objectname)%00%(upstream:track)%00%(upstream:remotename)%00%(upstream:remoteref) refs/heads/master refs/remotes/master [8ms]
2022-12-10 17:18:47.506 [info] > git config --get commit.template [30ms]
2022-12-10 17:18:47.547 [info] > git for-each-ref --sort -committerdate --format %(refname) %(objectname) %(*objectname) [9ms]
2022-12-10 17:18:47.579 [info] > git status -z -uall [59ms]
2022-12-10 17:18:52.624 [info] > git config --get commit.template [22ms]
2022-12-10 17:18:52.628 [info] > git for-each-ref --format=%(refname)%00%(upstream:short)%00%(objectname)%00%(upstream:track)%00%(upstream:remotename)%00%(upstream:remoteref) refs/heads/master refs/remotes/master [7ms]
2022-12-10 17:18:52.685 [info] > git for-each-ref --sort -committerdate --format %(refname) %(objectname) %(*objectname) [16ms]
2022-12-10 17:18:52.716 [info] > git status -z -uall [68ms]
2022-12-10 17:18:57.740 [info] > git config --get commit.template [4ms]
2022-12-10 17:18:57.760 [info] > git for-each-ref --format=%(refname)%00%(upstream:short)%00%(objectname)%00%(upstream:track)%00%(upstream:remotename)%00%(upstream:remoteref) refs/heads/master refs/remotes/master [5ms]
2022-12-10 17:18:57.803 [info] > git for-each-ref --sort -committerdate --format %(refname) %(objectname) %(*objectname) [6ms]
2022-12-10 17:18:57.843 [info] > git status -z -uall [71ms]
2022-12-10 17:19:02.884 [info] > git config --get commit.template [18ms]
2022-12-10 17:19:02.886 [info] > git for-each-ref --format=%(refname)%00%(upstream:short)%00%(objectname)%00%(upstream:track)%00%(upstream:remotename)%00%(upstream:remoteref) refs/heads/master refs/remotes/master [4ms]
2022-12-10 17:19:02.935 [info] > git for-each-ref --sort -committerdate --format %(refname) %(objectname) %(*objectname) [13ms]
2022-12-10 17:19:02.956 [info] > git status -z -uall [56ms]
2022-12-10 17:19:07.998 [info] > git config --get commit.template [22ms]
2022-12-10 17:19:08.001 [info] > git for-each-ref --format=%(refname)%00%(upstream:short)%00%(objectname)%00%(upstream:track)%00%(upstream:remotename)%00%(upstream:remoteref) refs/heads/master refs/remotes/master [5ms]
2022-12-10 17:19:08.046 [info] > git for-each-ref --sort -committerdate --format %(refname) %(objectname) %(*objectname) [14ms]
2022-12-10 17:19:08.099 [info] > git status -z -uall [82ms]
2022-12-10 17:19:13.143 [info] > git config --get commit.template [21ms]
2022-12-10 17:19:13.145 [info] > git for-each-ref --format=%(refname)%00%(upstream:short)%00%(objectname)%00%(upstream:track)%00%(upstream:remotename)%00%(upstream:remoteref) refs/heads/master refs/remotes/master [4ms]
2022-12-10 17:19:13.194 [info] > git for-each-ref --sort -committerdate --format %(refname) %(objectname) %(*objectname) [4ms]
2022-12-10 17:19:13.246 [info] > git status -z -uall [88ms]
2022-12-10 17:19:18.282 [info] > git config --get commit.template [13ms]
2022-12-10 17:19:18.283 [info] > git for-each-ref --format=%(refname)%00%(upstream:short)%00%(objectname)%00%(upstream:track)%00%(upstream:remotename)%00%(upstream:remoteref) refs/heads/master refs/remotes/master [3ms]
2022-12-10 17:19:18.325 [info] > git for-each-ref --sort -committerdate --format %(refname) %(objectname) %(*objectname) [7ms]
2022-12-10 17:19:18.353 [info] > git status -z -uall [59ms]
2022-12-10 17:19:23.390 [info] > git config --get commit.template [14ms]
2022-12-10 17:19:23.394 [info] > git for-each-ref --format=%(refname)%00%(upstream:short)%00%(objectname)%00%(upstream:track)%00%(upstream:remotename)%00%(upstream:remoteref) refs/heads/master refs/remotes/master [5ms]
2022-12-10 17:19:23.426 [info] > git for-each-ref --sort -committerdate --format %(refname) %(objectname) %(*objectname) [11ms]
2022-12-10 17:19:23.457 [info] > git status -z -uall [53ms]
2022-12-10 17:19:28.495 [info] > git config --get commit.template [19ms]
2022-12-10 17:19:28.497 [info] > git for-each-ref --format=%(refname)%00%(upstream:short)%00%(objectname)%00%(upstream:track)%00%(upstream:remotename)%00%(upstream:remoteref) refs/heads/master refs/remotes/master [4ms]
2022-12-10 17:19:28.543 [info] > git for-each-ref --sort -committerdate --format %(refname) %(objectname) %(*objectname) [18ms]
2022-12-10 17:19:28.581 [info] > git status -z -uall [70ms]
2022-12-10 17:19:33.610 [info] > git config --get commit.template [6ms]
2022-12-10 17:19:33.631 [info] > git for-each-ref --format=%(refname)%00%(upstream:short)%00%(objectname)%00%(upstream:track)%00%(upstream:remotename)%00%(upstream:remoteref) refs/heads/master refs/remotes/master [5ms]
2022-12-10 17:19:33.670 [info] > git for-each-ref --sort -committerdate --format %(refname) %(objectname) %(*objectname) [4ms]
2022-12-10 17:19:33.694 [info] > git status -z -uall [49ms]
2022-12-10 17:19:38.736 [info] > git config --get commit.template [19ms]
2022-12-10 17:19:38.738 [info] > git for-each-ref --format=%(refname)%00%(upstream:short)%00%(objectname)%00%(upstream:track)%00%(upstream:remotename)%00%(upstream:remoteref) refs/heads/master refs/remotes/master [5ms]
2022-12-10 17:19:38.779 [info] > git for-each-ref --sort -committerdate --format %(refname) %(objectname) %(*objectname) [7ms]
2022-12-10 17:19:38.814 [info] > git status -z -uall [62ms]
2022-12-10 17:19:43.857 [info] > git config --get commit.template [18ms]
2022-12-10 17:19:43.859 [info] > git for-each-ref --format=%(refname)%00%(upstream:short)%00%(objectname)%00%(upstream:track)%00%(upstream:remotename)%00%(upstream:remoteref) refs/heads/master refs/remotes/master [5ms]
2022-12-10 17:19:43.913 [info] > git for-each-ref --sort -committerdate --format %(refname) %(objectname) %(*objectname) [14ms]
2022-12-10 17:19:43.938 [info] > git status -z -uall [62ms]
2022-12-10 17:19:48.972 [info] > git config --get commit.template [16ms]
2022-12-10 17:19:48.974 [info] > git for-each-ref --format=%(refname)%00%(upstream:short)%00%(objectname)%00%(upstream:track)%00%(upstream:remotename)%00%(upstream:remoteref) refs/heads/master refs/remotes/master [3ms]
2022-12-10 17:19:49.036 [info] > git for-each-ref --sort -committerdate --format %(refname) %(objectname) %(*objectname) [18ms]
2022-12-10 17:19:49.101 [info] > git status -z -uall [114ms]
2022-12-10 17:19:54.133 [info] > git config --get commit.template [17ms]
2022-12-10 17:19:54.134 [info] > git for-each-ref --format=%(refname)%00%(upstream:short)%00%(objectname)%00%(upstream:track)%00%(upstream:remotename)%00%(upstream:remoteref) refs/heads/master refs/remotes/master [9ms]
2022-12-10 17:19:54.184 [info] > git for-each-ref --sort -committerdate --format %(refname) %(objectname) %(*objectname) [15ms]
2022-12-10 17:19:54.209 [info] > git status -z -uall [61ms]
2022-12-10 17:20:13.478 [info] > git config --get commit.template [22ms]
2022-12-10 17:20:13.479 [info] > git for-each-ref --format=%(refname)%00%(upstream:short)%00%(objectname)%00%(upstream:track)%00%(upstream:remotename)%00%(upstream:remoteref) refs/heads/master refs/remotes/master [4ms]
2022-12-10 17:20:13.517 [info] > git for-each-ref --sort -committerdate --format %(refname) %(objectname) %(*objectname) [10ms]
2022-12-10 17:20:13.539 [info] > git status -z -uall [50ms]
2022-12-10 17:20:18.566 [info] > git config --get commit.template [15ms]
2022-12-10 17:20:18.568 [info] > git for-each-ref --format=%(refname)%00%(upstream:short)%00%(objectname)%00%(upstream:track)%00%(upstream:remotename)%00%(upstream:remoteref) refs/heads/master refs/remotes/master [3ms]
2022-12-10 17:20:18.604 [info] > git for-each-ref --sort -committerdate --format %(refname) %(objectname) %(*objectname) [7ms]
2022-12-10 17:20:18.636 [info] > git status -z -uall [58ms]
2022-12-10 17:27:25.182 [info] > git config --get commit.template [16ms]
2022-12-10 17:27:25.183 [info] > git for-each-ref --format=%(refname)%00%(upstream:short)%00%(objectname)%00%(upstream:track)%00%(upstream:remotename)%00%(upstream:remoteref) refs/heads/master refs/remotes/master [3ms]
2022-12-10 17:27:25.225 [info] > git for-each-ref --sort -committerdate --format %(refname) %(objectname) %(*objectname) [11ms]
2022-12-10 17:27:25.251 [info] > git status -z -uall [54ms]
2022-12-10 17:30:03.215 [info] > git config --get commit.template [17ms]
2022-12-10 17:30:03.216 [info] > git for-each-ref --format=%(refname)%00%(upstream:short)%00%(objectname)%00%(upstream:track)%00%(upstream:remotename)%00%(upstream:remoteref) refs/heads/master refs/remotes/master [3ms]
2022-12-10 17:30:03.252 [info] > git for-each-ref --sort -committerdate --format %(refname) %(objectname) %(*objectname) [6ms]
2022-12-10 17:30:03.289 [info] > git status -z -uall [61ms]
2022-12-10 17:30:08.333 [info] > git config --get commit.template [23ms]
2022-12-10 17:30:08.335 [info] > git for-each-ref --format=%(refname)%00%(upstream:short)%00%(objectname)%00%(upstream:track)%00%(upstream:remotename)%00%(upstream:remoteref) refs/heads/master refs/remotes/master [4ms]
2022-12-10 17:30:08.375 [info] > git for-each-ref --sort -committerdate --format %(refname) %(objectname) %(*objectname) [7ms]
2022-12-10 17:30:08.427 [info] > git status -z -uall [77ms]
2022-12-10 17:30:13.467 [info] > git config --get commit.template [16ms]
2022-12-10 17:30:13.469 [info] > git for-each-ref --format=%(refname)%00%(upstream:short)%00%(objectname)%00%(upstream:track)%00%(upstream:remotename)%00%(upstream:remoteref) refs/heads/master refs/remotes/master [4ms]
2022-12-10 17:30:13.507 [info] > git for-each-ref --sort -committerdate --format %(refname) %(objectname) %(*objectname) [6ms]
2022-12-10 17:30:13.559 [info] > git status -z -uall [78ms]
2022-12-10 17:30:18.597 [info] > git for-each-ref --format=%(refname)%00%(upstream:short)%00%(objectname)%00%(upstream:track)%00%(upstream:remotename)%00%(upstream:remoteref) refs/heads/master refs/remotes/master [3ms]
2022-12-10 17:30:18.598 [info] > git config --get commit.template [14ms]
2022-12-10 17:30:18.627 [info] > git for-each-ref --sort -committerdate --format %(refname) %(objectname) %(*objectname) [7ms]
2022-12-10 17:30:18.656 [info] > git status -z -uall [50ms]
2022-12-10 17:30:23.701 [info] > git config --get commit.template [20ms]
2022-12-10 17:30:23.704 [info] > git for-each-ref --format=%(refname)%00%(upstream:short)%00%(objectname)%00%(upstream:track)%00%(upstream:remotename)%00%(upstream:remoteref) refs/heads/master refs/remotes/master [5ms]
2022-12-10 17:30:23.746 [info] > git for-each-ref --sort -committerdate --format %(refname) %(objectname) %(*objectname) [16ms]
2022-12-10 17:30:23.788 [info] > git status -z -uall [66ms]
2022-12-10 17:30:28.826 [info] > git config --get commit.template [20ms]
2022-12-10 17:30:28.829 [info] > git for-each-ref --format=%(refname)%00%(upstream:short)%00%(objectname)%00%(upstream:track)%00%(upstream:remotename)%00%(upstream:remoteref) refs/heads/master refs/remotes/master [5ms]
2022-12-10 17:30:28.874 [info] > git for-each-ref --sort -committerdate --format %(refname) %(objectname) %(*objectname) [10ms]
2022-12-10 17:30:28.905 [info] > git status -z -uall [63ms]
2022-12-10 17:30:33.948 [info] > git config --get commit.template [18ms]
2022-12-10 17:30:33.955 [info] > git for-each-ref --format=%(refname)%00%(upstream:short)%00%(objectname)%00%(upstream:track)%00%(upstream:remotename)%00%(upstream:remoteref) refs/heads/master refs/remotes/master [9ms]
2022-12-10 17:30:34.008 [info] > git for-each-ref --sort -committerdate --format %(refname) %(objectname) %(*objectname) [13ms]
2022-12-10 17:30:34.061 [info] > git status -z -uall [93ms]
2022-12-10 17:30:39.097 [info] > git config --get commit.template [17ms]
2022-12-10 17:30:39.098 [info] > git for-each-ref --format=%(refname)%00%(upstream:short)%00%(objectname)%00%(upstream:track)%00%(upstream:remotename)%00%(upstream:remoteref) refs/heads/master refs/remotes/master [3ms]
2022-12-10 17:30:39.135 [info] > git for-each-ref --sort -committerdate --format %(refname) %(objectname) %(*objectname) [5ms]
2022-12-10 17:30:39.199 [info] > git status -z -uall [88ms]
2022-12-10 17:30:44.251 [info] > git config --get commit.template [24ms]
2022-12-10 17:30:44.264 [info] > git for-each-ref --format=%(refname)%00%(upstream:short)%00%(objectname)%00%(upstream:track)%00%(upstream:remotename)%00%(upstream:remoteref) refs/heads/master refs/remotes/master [16ms]
2022-12-10 17:30:44.303 [info] > git for-each-ref --sort -committerdate --format %(refname) %(objectname) %(*objectname) [14ms]
2022-12-10 17:30:44.347 [info] > git status -z -uall [71ms]
2022-12-10 17:30:49.370 [info] > git config --get commit.template [4ms]
2022-12-10 17:30:49.394 [info] > git for-each-ref --format=%(refname)%00%(upstream:short)%00%(objectname)%00%(upstream:track)%00%(upstream:remotename)%00%(upstream:remoteref) refs/heads/master refs/remotes/master [1ms]
2022-12-10 17:30:49.423 [info] > git for-each-ref --sort -committerdate --format %(refname) %(objectname) %(*objectname) [2ms]
2022-12-10 17:30:49.468 [info] > git status -z -uall [63ms]
2022-12-10 17:30:54.523 [info] > git config --get commit.template [20ms]
2022-12-10 17:30:54.524 [info] > git for-each-ref --format=%(refname)%00%(upstream:short)%00%(objectname)%00%(upstream:track)%00%(upstream:remotename)%00%(upstream:remoteref) refs/heads/master refs/remotes/master [4ms]
2022-12-10 17:30:54.575 [info] > git for-each-ref --sort -committerdate --format %(refname) %(objectname) %(*objectname) [13ms]
2022-12-10 17:30:54.601 [info] > git status -z -uall [66ms]
2022-12-10 17:30:59.624 [info] > git config --get commit.template [4ms]
2022-12-10 17:30:59.640 [info] > git for-each-ref --format=%(refname)%00%(upstream:short)%00%(objectname)%00%(upstream:track)%00%(upstream:remotename)%00%(upstream:remoteref) refs/heads/master refs/remotes/master [4ms]
2022-12-10 17:30:59.679 [info] > git for-each-ref --sort -committerdate --format %(refname) %(objectname) %(*objectname) [6ms]
2022-12-10 17:30:59.726 [info] > git status -z -uall [72ms]
2022-12-10 17:31:04.771 [info] > git config --get commit.template [20ms]
2022-12-10 17:31:04.775 [info] > git for-each-ref --format=%(refname)%00%(upstream:short)%00%(objectname)%00%(upstream:track)%00%(upstream:remotename)%00%(upstream:remoteref) refs/heads/master refs/remotes/master [6ms]
2022-12-10 17:31:04.812 [info] > git for-each-ref --sort -committerdate --format %(refname) %(objectname) %(*objectname) [3ms]
2022-12-10 17:31:04.837 [info] > git status -z -uall [50ms]
2022-12-10 17:31:09.883 [info] > git config --get commit.template [18ms]
2022-12-10 17:31:09.885 [info] > git for-each-ref --format=%(refname)%00%(upstream:short)%00%(objectname)%00%(upstream:track)%00%(upstream:remotename)%00%(upstream:remoteref) refs/heads/master refs/remotes/master [4ms]
2022-12-10 17:31:09.924 [info] > git for-each-ref --sort -committerdate --format %(refname) %(objectname) %(*objectname) [10ms]
2022-12-10 17:31:09.971 [info] > git status -z -uall [72ms]
2022-12-10 17:31:15.013 [info] > git config --get commit.template [20ms]
2022-12-10 17:31:15.014 [info] > git for-each-ref --format=%(refname)%00%(upstream:short)%00%(objectname)%00%(upstream:track)%00%(upstream:remotename)%00%(upstream:remoteref) refs/heads/master refs/remotes/master [4ms]
2022-12-10 17:31:15.056 [info] > git for-each-ref --sort -committerdate --format %(refname) %(objectname) %(*objectname) [15ms]
2022-12-10 17:31:15.110 [info] > git status -z -uall [84ms]
2022-12-10 17:31:20.144 [info] > git config --get commit.template [15ms]
2022-12-10 17:31:20.146 [info] > git for-each-ref --format=%(refname)%00%(upstream:short)%00%(objectname)%00%(upstream:track)%00%(upstream:remotename)%00%(upstream:remoteref) refs/heads/master refs/remotes/master [4ms]
2022-12-10 17:31:20.185 [info] > git for-each-ref --sort -committerdate --format %(refname) %(objectname) %(*objectname) [10ms]
2022-12-10 17:31:20.234 [info] > git status -z -uall [77ms]
2022-12-10 17:31:25.256 [info] > git config --get commit.template [5ms]
2022-12-10 17:31:25.274 [info] > git for-each-ref --format=%(refname)%00%(upstream:short)%00%(objectname)%00%(upstream:track)%00%(upstream:remotename)%00%(upstream:remoteref) refs/heads/master refs/remotes/master [6ms]
2022-12-10 17:31:25.309 [info] > git for-each-ref --sort -committerdate --format %(refname) %(objectname) %(*objectname) [9ms]
2022-12-10 17:31:25.339 [info] > git status -z -uall [54ms]
2022-12-10 17:31:30.374 [info] > git config --get commit.template [17ms]
2022-12-10 17:31:30.376 [info] > git for-each-ref --format=%(refname)%00%(upstream:short)%00%(objectname)%00%(upstream:track)%00%(upstream:remotename)%00%(upstream:remoteref) refs/heads/master refs/remotes/master [4ms]
2022-12-10 17:31:30.408 [info] > git for-each-ref --sort -committerdate --format %(refname) %(objectname) %(*objectname) [7ms]
2022-12-10 17:31:30.443 [info] > git status -z -uall [55ms]
2022-12-10 17:31:35.478 [info] > git config --get commit.template [16ms]
2022-12-10 17:31:35.480 [info] > git for-each-ref --format=%(refname)%00%(upstream:short)%00%(objectname)%00%(upstream:track)%00%(upstream:remotename)%00%(upstream:remoteref) refs/heads/master refs/remotes/master [4ms]
2022-12-10 17:31:35.529 [info] > git for-each-ref --sort -committerdate --format %(refname) %(objectname) %(*objectname) [13ms]
2022-12-10 17:31:35.567 [info] > git status -z -uall [75ms]
2022-12-10 17:31:40.606 [info] > git config --get commit.template [17ms]
2022-12-10 17:31:40.608 [info] > git for-each-ref --format=%(refname)%00%(upstream:short)%00%(objectname)%00%(upstream:track)%00%(upstream:remotename)%00%(upstream:remoteref) refs/heads/master refs/remotes/master [3ms]
2022-12-10 17:31:40.654 [info] > git for-each-ref --sort -committerdate --format %(refname) %(objectname) %(*objectname) [10ms]
2022-12-10 17:31:40.691 [info] > git status -z -uall [72ms]
2022-12-10 17:31:45.728 [info] > git config --get commit.template [16ms]
2022-12-10 17:31:45.729 [info] > git for-each-ref --format=%(refname)%00%(upstream:short)%00%(objectname)%00%(upstream:track)%00%(upstream:remotename)%00%(upstream:remoteref) refs/heads/master refs/remotes/master [4ms]
2022-12-10 17:31:45.789 [info] > git for-each-ref --sort -committerdate --format %(refname) %(objectname) %(*objectname) [20ms]
2022-12-10 17:31:45.815 [info] > git status -z -uall [74ms]
2022-12-10 17:31:50.854 [info] > git config --get commit.template [21ms]
2022-12-10 17:31:50.857 [info] > git for-each-ref --format=%(refname)%00%(upstream:short)%00%(objectname)%00%(upstream:track)%00%(upstream:remotename)%00%(upstream:remoteref) refs/heads/master refs/remotes/master [5ms]
2022-12-10 17:31:50.894 [info] > git for-each-ref --sort -committerdate --format %(refname) %(objectname) %(*objectname) [9ms]
2022-12-10 17:31:50.926 [info] > git status -z -uall [57ms]
2022-12-10 17:31:55.954 [info] > git config --get commit.template [12ms]
2022-12-10 17:31:55.955 [info] > git for-each-ref --format=%(refname)%00%(upstream:short)%00%(objectname)%00%(upstream:track)%00%(upstream:remotename)%00%(upstream:remoteref) refs/heads/master refs/remotes/master [2ms]
2022-12-10 17:31:55.984 [info] > git for-each-ref --sort -committerdate --format %(refname) %(objectname) %(*objectname) [5ms]
2022-12-10 17:31:56.012 [info] > git status -z -uall [48ms]
2022-12-10 17:32:01.051 [info] > git config --get commit.template [19ms]
2022-12-10 17:32:01.053 [info] > git for-each-ref --format=%(refname)%00%(upstream:short)%00%(objectname)%00%(upstream:track)%00%(upstream:remotename)%00%(upstream:remoteref) refs/heads/master refs/remotes/master [5ms]
2022-12-10 17:32:01.084 [info] > git for-each-ref --sort -committerdate --format %(refname) %(objectname) %(*objectname) [7ms]
2022-12-10 17:32:01.118 [info] > git status -z -uall [55ms]
2022-12-10 17:32:06.161 [info] > git config --get commit.template [19ms]
2022-12-10 17:32:06.166 [info] > git for-each-ref --format=%(refname)%00%(upstream:short)%00%(objectname)%00%(upstream:track)%00%(upstream:remotename)%00%(upstream:remoteref) refs/heads/master refs/remotes/master [6ms]
2022-12-10 17:32:06.216 [info] > git for-each-ref --sort -committerdate --format %(refname) %(objectname) %(*objectname) [12ms]
2022-12-10 17:32:06.239 [info] > git status -z -uall [62ms]
2022-12-10 17:32:11.273 [info] > git config --get commit.template [16ms]
2022-12-10 17:32:11.275 [info] > git for-each-ref --format=%(refname)%00%(upstream:short)%00%(objectname)%00%(upstream:track)%00%(upstream:remotename)%00%(upstream:remoteref) refs/heads/master refs/remotes/master [3ms]
2022-12-10 17:32:11.316 [info] > git for-each-ref --sort -committerdate --format %(refname) %(objectname) %(*objectname) [14ms]
2022-12-10 17:32:11.366 [info] > git status -z -uall [80ms]
2022-12-10 17:32:16.404 [info] > git config --get commit.template [18ms]
2022-12-10 17:32:16.407 [info] > git for-each-ref --format=%(refname)%00%(upstream:short)%00%(objectname)%00%(upstream:track)%00%(upstream:remotename)%00%(upstream:remoteref) refs/heads/master refs/remotes/master [5ms]
2022-12-10 17:32:16.447 [info] > git for-each-ref --sort -committerdate --format %(refname) %(objectname) %(*objectname) [8ms]
2022-12-10 17:32:16.501 [info] > git status -z -uall [78ms]
2022-12-10 17:32:21.536 [info] > git config --get commit.template [16ms]
2022-12-10 17:32:21.538 [info] > git for-each-ref --format=%(refname)%00%(upstream:short)%00%(objectname)%00%(upstream:track)%00%(upstream:remotename)%00%(upstream:remoteref) refs/heads/master refs/remotes/master [3ms]
2022-12-10 17:32:21.579 [info] > git for-each-ref --sort -committerdate --format %(refname) %(objectname) %(*objectname) [13ms]
2022-12-10 17:32:21.632 [info] > git status -z -uall [82ms]
2022-12-10 17:32:26.683 [info] > git config --get commit.template [17ms]
2022-12-10 17:32:26.685 [info] > git for-each-ref --format=%(refname)%00%(upstream:short)%00%(objectname)%00%(upstream:track)%00%(upstream:remotename)%00%(upstream:remoteref) refs/heads/master refs/remotes/master [4ms]
2022-12-10 17:32:26.728 [info] > git for-each-ref --sort -committerdate --format %(refname) %(objectname) %(*objectname) [8ms]
2022-12-10 17:32:26.779 [info] > git status -z -uall [81ms]
2022-12-10 17:32:31.815 [info] > git config --get commit.template [20ms]
2022-12-10 17:32:31.817 [info] > git for-each-ref --format=%(refname)%00%(upstream:short)%00%(objectname)%00%(upstream:track)%00%(upstream:remotename)%00%(upstream:remoteref) refs/heads/master refs/remotes/master [4ms]
2022-12-10 17:32:31.851 [info] > git for-each-ref --sort -committerdate --format %(refname) %(objectname) %(*objectname) [8ms]
2022-12-10 17:32:31.877 [info] > git status -z -uall [48ms]
2022-12-10 17:32:36.924 [info] > git config --get commit.template [25ms]
2022-12-10 17:32:36.926 [info] > git for-each-ref --format=%(refname)%00%(upstream:short)%00%(objectname)%00%(upstream:track)%00%(upstream:remotename)%00%(upstream:remoteref) refs/heads/master refs/remotes/master [5ms]
2022-12-10 17:32:36.979 [info] > git for-each-ref --sort -committerdate --format %(refname) %(objectname) %(*objectname) [11ms]
2022-12-10 17:32:37.012 [info] > git status -z -uall [70ms]
2022-12-10 17:32:42.049 [info] > git config --get commit.template [16ms]
2022-12-10 17:32:42.050 [info] > git for-each-ref --format=%(refname)%00%(upstream:short)%00%(objectname)%00%(upstream:track)%00%(upstream:remotename)%00%(upstream:remoteref) refs/heads/master refs/remotes/master [3ms]
2022-12-10 17:32:42.101 [info] > git for-each-ref --sort -committerdate --format %(refname) %(objectname) %(*objectname) [9ms]
2022-12-10 17:32:42.127 [info] > git status -z -uall [64ms]
2022-12-10 17:32:47.151 [info] > git config --get commit.template [5ms]
2022-12-10 17:32:47.172 [info] > git for-each-ref --format=%(refname)%00%(upstream:short)%00%(objectname)%00%(upstream:track)%00%(upstream:remotename)%00%(upstream:remoteref) refs/heads/master refs/remotes/master [6ms]
2022-12-10 17:32:47.223 [info] > git for-each-ref --sort -committerdate --format %(refname) %(objectname) %(*objectname) [17ms]
2022-12-10 17:32:47.258 [info] > git status -z -uall [75ms]
2022-12-10 17:32:52.286 [info] > git config --get commit.template [2ms]
2022-12-10 17:32:52.309 [info] > git for-each-ref --format=%(refname)%00%(upstream:short)%00%(objectname)%00%(upstream:track)%00%(upstream:remotename)%00%(upstream:remoteref) refs/heads/master refs/remotes/master [3ms]
2022-12-10 17:32:52.360 [info] > git for-each-ref --sort -committerdate --format %(refname) %(objectname) %(*objectname) [12ms]
2022-12-10 17:32:52.411 [info] > git status -z -uall [80ms]
2022-12-10 17:32:57.444 [info] > git config --get commit.template [17ms]
2022-12-10 17:32:57.446 [info] > git for-each-ref --format=%(refname)%00%(upstream:short)%00%(objectname)%00%(upstream:track)%00%(upstream:remotename)%00%(upstream:remoteref) refs/heads/master refs/remotes/master [4ms]
2022-12-10 17:32:57.504 [info] > git for-each-ref --sort -committerdate --format %(refname) %(objectname) %(*objectname) [9ms]
2022-12-10 17:32:57.552 [info] > git status -z -uall [94ms]
2022-12-10 17:33:02.588 [info] > git config --get commit.template [16ms]
2022-12-10 17:33:02.591 [info] > git for-each-ref --format=%(refname)%00%(upstream:short)%00%(objectname)%00%(upstream:track)%00%(upstream:remotename)%00%(upstream:remoteref) refs/heads/master refs/remotes/master [5ms]
2022-12-10 17:33:02.631 [info] > git for-each-ref --sort -committerdate --format %(refname) %(objectname) %(*objectname) [6ms]
2022-12-10 17:33:02.684 [info] > git status -z -uall [81ms]
2022-12-10 17:33:07.728 [info] > git config --get commit.template [20ms]
2022-12-10 17:33:07.732 [info] > git for-each-ref --format=%(refname)%00%(upstream:short)%00%(objectname)%00%(upstream:track)%00%(upstream:remotename)%00%(upstream:remoteref) refs/heads/master refs/remotes/master [6ms]
2022-12-10 17:33:07.781 [info] > git for-each-ref --sort -committerdate --format %(refname) %(objectname) %(*objectname) [3ms]
2022-12-10 17:33:07.842 [info] > git status -z -uall [95ms]
2022-12-10 17:33:12.890 [info] > git config --get commit.template [26ms]
2022-12-10 17:33:12.894 [info] > git for-each-ref --format=%(refname)%00%(upstream:short)%00%(objectname)%00%(upstream:track)%00%(upstream:remotename)%00%(upstream:remoteref) refs/heads/master refs/remotes/master [5ms]
2022-12-10 17:33:12.952 [info] > git for-each-ref --sort -committerdate --format %(refname) %(objectname) %(*objectname) [17ms]
2022-12-10 17:33:12.984 [info] > git status -z -uall [78ms]
2022-12-10 17:33:18.021 [info] > git config --get commit.template [15ms]
2022-12-10 17:33:18.023 [info] > git for-each-ref --format=%(refname)%00%(upstream:short)%00%(objectname)%00%(upstream:track)%00%(upstream:remotename)%00%(upstream:remoteref) refs/heads/master refs/remotes/master [3ms]
2022-12-10 17:33:18.078 [info] > git for-each-ref --sort -committerdate --format %(refname) %(objectname) %(*objectname) [9ms]
2022-12-10 17:33:18.110 [info] > git status -z -uall [73ms]
2022-12-10 17:33:23.155 [info] > git config --get commit.template [17ms]
2022-12-10 17:33:23.157 [info] > git for-each-ref --format=%(refname)%00%(upstream:short)%00%(objectname)%00%(upstream:track)%00%(upstream:remotename)%00%(upstream:remoteref) refs/heads/master refs/remotes/master [5ms]
2022-12-10 17:33:23.190 [info] > git for-each-ref --sort -committerdate --format %(refname) %(objectname) %(*objectname) [9ms]
2022-12-10 17:33:23.211 [info] > git status -z -uall [44ms]
2022-12-10 17:33:28.244 [info] > git config --get commit.template [17ms]
2022-12-10 17:33:28.247 [info] > git for-each-ref --format=%(refname)%00%(upstream:short)%00%(objectname)%00%(upstream:track)%00%(upstream:remotename)%00%(upstream:remoteref) refs/heads/master refs/remotes/master [4ms]
2022-12-10 17:33:28.293 [info] > git for-each-ref --sort -committerdate --format %(refname) %(objectname) %(*objectname) [13ms]
2022-12-10 17:33:28.345 [info] > git status -z -uall [86ms]
2022-12-10 17:33:33.376 [info] > git config --get commit.template [13ms]
2022-12-10 17:33:33.378 [info] > git for-each-ref --format=%(refname)%00%(upstream:short)%00%(objectname)%00%(upstream:track)%00%(upstream:remotename)%00%(upstream:remoteref) refs/heads/master refs/remotes/master [4ms]
2022-12-10 17:33:33.423 [info] > git for-each-ref --sort -committerdate --format %(refname) %(objectname) %(*objectname) [12ms]
2022-12-10 17:33:33.446 [info] > git status -z -uall [55ms]
2022-12-10 17:33:38.474 [info] > git config --get commit.template [14ms]
2022-12-10 17:33:38.476 [info] > git for-each-ref --format=%(refname)%00%(upstream:short)%00%(objectname)%00%(upstream:track)%00%(upstream:remotename)%00%(upstream:remoteref) refs/heads/master refs/remotes/master [3ms]
2022-12-10 17:33:38.509 [info] > git for-each-ref --sort -committerdate --format %(refname) %(objectname) %(*objectname) [14ms]
2022-12-10 17:33:38.540 [info] > git status -z -uall [54ms]
2022-12-10 17:33:43.570 [info] > git config --get commit.template [16ms]
2022-12-10 17:33:43.571 [info] > git for-each-ref --format=%(refname)%00%(upstream:short)%00%(objectname)%00%(upstream:track)%00%(upstream:remotename)%00%(upstream:remoteref) refs/heads/master refs/remotes/master [4ms]
2022-12-10 17:33:43.604 [info] > git for-each-ref --sort -committerdate --format %(refname) %(objectname) %(*objectname) [7ms]
2022-12-10 17:33:43.634 [info] > git status -z -uall [53ms]
2022-12-10 17:33:48.693 [info] > git config --get commit.template [17ms]
2022-12-10 17:33:48.696 [info] > git for-each-ref --format=%(refname)%00%(upstream:short)%00%(objectname)%00%(upstream:track)%00%(upstream:remotename)%00%(upstream:remoteref) refs/heads/master refs/remotes/master [4ms]
2022-12-10 17:33:48.736 [info] > git for-each-ref --sort -committerdate --format %(refname) %(objectname) %(*objectname) [3ms]
2022-12-10 17:33:48.761 [info] > git status -z -uall [56ms]
2022-12-10 17:33:53.785 [info] > git config --get commit.template [5ms]
2022-12-10 17:33:53.804 [info] > git for-each-ref --format=%(refname)%00%(upstream:short)%00%(objectname)%00%(upstream:track)%00%(upstream:remotename)%00%(upstream:remoteref) refs/heads/master refs/remotes/master [4ms]
2022-12-10 17:33:53.860 [info] > git for-each-ref --sort -committerdate --format %(refname) %(objectname) %(*objectname) [11ms]
2022-12-10 17:33:53.896 [info] > git status -z -uall [81ms]
2022-12-10 17:34:02.339 [info] > git config --get commit.template [14ms]
2022-12-10 17:34:02.343 [info] > git for-each-ref --format=%(refname)%00%(upstream:short)%00%(objectname)%00%(upstream:track)%00%(upstream:remotename)%00%(upstream:remoteref) refs/heads/master refs/remotes/master [5ms]
2022-12-10 17:34:02.385 [info] > git for-each-ref --sort -committerdate --format %(refname) %(objectname) %(*objectname) [5ms]
2022-12-10 17:34:02.436 [info] > git status -z -uall [74ms]
2022-12-10 17:34:07.475 [info] > git config --get commit.template [21ms]
2022-12-10 17:34:07.476 [info] > git for-each-ref --format=%(refname)%00%(upstream:short)%00%(objectname)%00%(upstream:track)%00%(upstream:remotename)%00%(upstream:remoteref) refs/heads/master refs/remotes/master [5ms]
2022-12-10 17:34:07.514 [info] > git for-each-ref --sort -committerdate --format %(refname) %(objectname) %(*objectname) [7ms]
2022-12-10 17:34:07.549 [info] > git status -z -uall [61ms]
2022-12-10 17:34:15.368 [info] > git config --get commit.template [18ms]
2022-12-10 17:34:15.370 [info] > git for-each-ref --format=%(refname)%00%(upstream:short)%00%(objectname)%00%(upstream:track)%00%(upstream:remotename)%00%(upstream:remoteref) refs/heads/master refs/remotes/master [3ms]
2022-12-10 17:34:15.415 [info] > git for-each-ref --sort -committerdate --format %(refname) %(objectname) %(*objectname) [7ms]
2022-12-10 17:34:15.448 [info] > git status -z -uall [67ms]
2022-12-10 17:34:49.429 [info] > git config --get commit.template [17ms]
2022-12-10 17:34:49.431 [info] > git for-each-ref --format=%(refname)%00%(upstream:short)%00%(objectname)%00%(upstream:track)%00%(upstream:remotename)%00%(upstream:remoteref) refs/heads/master refs/remotes/master [4ms]
2022-12-10 17:34:49.472 [info] > git for-each-ref --sort -committerdate --format %(refname) %(objectname) %(*objectname) [5ms]
2022-12-10 17:34:49.520 [info] > git status -z -uall [75ms]
2022-12-10 17:34:54.556 [info] > git config --get commit.template [16ms]
2022-12-10 17:34:54.562 [info] > git for-each-ref --format=%(refname)%00%(upstream:short)%00%(objectname)%00%(upstream:track)%00%(upstream:remotename)%00%(upstream:remoteref) refs/heads/master refs/remotes/master [7ms]
2022-12-10 17:34:54.610 [info] > git for-each-ref --sort -committerdate --format %(refname) %(objectname) %(*objectname) [6ms]
2022-12-10 17:34:54.652 [info] > git status -z -uall [76ms]
2022-12-10 17:34:59.706 [info] > git config --get commit.template [24ms]
2022-12-10 17:34:59.715 [info] > git for-each-ref --format=%(refname)%00%(upstream:short)%00%(objectname)%00%(upstream:track)%00%(upstream:remotename)%00%(upstream:remoteref) refs/heads/master refs/remotes/master [11ms]
2022-12-10 17:34:59.758 [info] > git for-each-ref --sort -committerdate --format %(refname) %(objectname) %(*objectname) [4ms]
2022-12-10 17:34:59.802 [info] > git status -z -uall [70ms]
2022-12-10 17:35:04.847 [info] > git config --get commit.template [23ms]
2022-12-10 17:35:04.848 [info] > git for-each-ref --format=%(refname)%00%(upstream:short)%00%(objectname)%00%(upstream:track)%00%(upstream:remotename)%00%(upstream:remoteref) refs/heads/master refs/remotes/master [4ms]
2022-12-10 17:35:04.890 [info] > git for-each-ref --sort -committerdate --format %(refname) %(objectname) %(*objectname) [8ms]
2022-12-10 17:35:04.941 [info] > git status -z -uall [81ms]
2022-12-10 17:35:09.977 [info] > git config --get commit.template [20ms]
2022-12-10 17:35:09.981 [info] > git for-each-ref --format=%(refname)%00%(upstream:short)%00%(objectname)%00%(upstream:track)%00%(upstream:remotename)%00%(upstream:remoteref) refs/heads/master refs/remotes/master [6ms]
2022-12-10 17:35:10.026 [info] > git for-each-ref --sort -committerdate --format %(refname) %(objectname) %(*objectname) [14ms]
2022-12-10 17:35:10.056 [info] > git status -z -uall [63ms]
2022-12-10 17:35:15.096 [info] > git config --get commit.template [20ms]
2022-12-10 17:35:15.098 [info] > git for-each-ref --format=%(refname)%00%(upstream:short)%00%(objectname)%00%(upstream:track)%00%(upstream:remotename)%00%(upstream:remoteref) refs/heads/master refs/remotes/master [4ms]
2022-12-10 17:35:15.129 [info] > git for-each-ref --sort -committerdate --format %(refname) %(objectname) %(*objectname) [7ms]
2022-12-10 17:35:15.154 [info] > git status -z -uall [47ms]
2022-12-10 17:35:24.487 [info] > git config --get commit.template [17ms]
2022-12-10 17:35:24.489 [info] > git for-each-ref --format=%(refname)%00%(upstream:short)%00%(objectname)%00%(upstream:track)%00%(upstream:remotename)%00%(upstream:remoteref) refs/heads/master refs/remotes/master [5ms]
2022-12-10 17:35:24.532 [info] > git for-each-ref --sort -committerdate --format %(refname) %(objectname) %(*objectname) [13ms]
2022-12-10 17:35:24.585 [info] > git status -z -uall [84ms]
2022-12-10 17:35:29.625 [info] > git config --get commit.template [21ms]
2022-12-10 17:35:29.628 [info] > git for-each-ref --format=%(refname)%00%(upstream:short)%00%(objectname)%00%(upstream:track)%00%(upstream:remotename)%00%(upstream:remoteref) refs/heads/master refs/remotes/master [6ms]
2022-12-10 17:35:29.672 [info] > git for-each-ref --sort -committerdate --format %(refname) %(objectname) %(*objectname) [9ms]
2022-12-10 17:35:29.708 [info] > git status -z -uall [67ms]
2022-12-10 17:35:34.747 [info] > git config --get commit.template [17ms]
2022-12-10 17:35:34.749 [info] > git for-each-ref --format=%(refname)%00%(upstream:short)%00%(objectname)%00%(upstream:track)%00%(upstream:remotename)%00%(upstream:remoteref) refs/heads/master refs/remotes/master [6ms]
2022-12-10 17:35:34.790 [info] > git for-each-ref --sort -committerdate --format %(refname) %(objectname) %(*objectname) [7ms]
2022-12-10 17:35:34.814 [info] > git status -z -uall [53ms]
2022-12-10 17:35:39.847 [info] > git config --get commit.template [17ms]
2022-12-10 17:35:39.849 [info] > git for-each-ref --format=%(refname)%00%(upstream:short)%00%(objectname)%00%(upstream:track)%00%(upstream:remotename)%00%(upstream:remoteref) refs/heads/master refs/remotes/master [4ms]
2022-12-10 17:35:39.904 [info] > git for-each-ref --sort -committerdate --format %(refname) %(objectname) %(*objectname) [12ms]
2022-12-10 17:35:39.940 [info] > git status -z -uall [78ms]
2022-12-10 17:35:57.478 [info] > git config --get commit.template [9ms]
2022-12-10 17:35:57.512 [info] > git for-each-ref --format=%(refname)%00%(upstream:short)%00%(objectname)%00%(upstream:track)%00%(upstream:remotename)%00%(upstream:remoteref) refs/heads/master refs/remotes/master [15ms]
2022-12-10 17:35:57.579 [info] > git for-each-ref --sort -committerdate --format %(refname) %(objectname) %(*objectname) [20ms]
2022-12-10 17:35:57.633 [info] > git status -z -uall [104ms]
2022-12-10 17:36:02.668 [info] > git config --get commit.template [16ms]
2022-12-10 17:36:02.670 [info] > git for-each-ref --format=%(refname)%00%(upstream:short)%00%(objectname)%00%(upstream:track)%00%(upstream:remotename)%00%(upstream:remoteref) refs/heads/master refs/remotes/master [4ms]
2022-12-10 17:36:02.721 [info] > git for-each-ref --sort -committerdate --format %(refname) %(objectname) %(*objectname) [7ms]
2022-12-10 17:36:02.779 [info] > git status -z -uall [85ms]
2022-12-10 17:36:07.836 [info] > git config --get commit.template [34ms]
2022-12-10 17:36:07.839 [info] > git for-each-ref --format=%(refname)%00%(upstream:short)%00%(objectname)%00%(upstream:track)%00%(upstream:remotename)%00%(upstream:remoteref) refs/heads/master refs/remotes/master [12ms]
2022-12-10 17:36:07.896 [info] > git for-each-ref --sort -committerdate --format %(refname) %(objectname) %(*objectname) [27ms]
2022-12-10 17:36:07.926 [info] > git status -z -uall [74ms]
2022-12-10 17:36:12.958 [info] > git for-each-ref --format=%(refname)%00%(upstream:short)%00%(objectname)%00%(upstream:track)%00%(upstream:remotename)%00%(upstream:remoteref) refs/heads/master refs/remotes/master [2ms]
2022-12-10 17:36:12.959 [info] > git config --get commit.template [13ms]
2022-12-10 17:36:12.984 [info] > git for-each-ref --sort -committerdate --format %(refname) %(objectname) %(*objectname) [3ms]
2022-12-10 17:36:13.017 [info] > git status -z -uall [49ms]
2022-12-10 17:36:22.567 [info] > git config --get commit.template [16ms]
2022-12-10 17:36:22.568 [info] > git for-each-ref --format=%(refname)%00%(upstream:short)%00%(objectname)%00%(upstream:track)%00%(upstream:remotename)%00%(upstream:remoteref) refs/heads/master refs/remotes/master [4ms]
2022-12-10 17:36:22.599 [info] > git for-each-ref --sort -committerdate --format %(refname) %(objectname) %(*objectname) [7ms]
2022-12-10 17:36:22.631 [info] > git status -z -uall [52ms]
2022-12-10 17:36:35.587 [info] > git config --get commit.template [18ms]
2022-12-10 17:36:35.590 [info] > git for-each-ref --format=%(refname)%00%(upstream:short)%00%(objectname)%00%(upstream:track)%00%(upstream:remotename)%00%(upstream:remoteref) refs/heads/master refs/remotes/master [5ms]
2022-12-10 17:36:35.658 [info] > git for-each-ref --sort -committerdate --format %(refname) %(objectname) %(*objectname) [18ms]
2022-12-10 17:36:35.701 [info] > git status -z -uall [97ms]
2022-12-10 17:36:40.746 [info] > git config --get commit.template [24ms]
2022-12-10 17:36:40.746 [info] > git for-each-ref --format=%(refname)%00%(upstream:short)%00%(objectname)%00%(upstream:track)%00%(upstream:remotename)%00%(upstream:remoteref) refs/heads/master refs/remotes/master [6ms]
2022-12-10 17:36:40.778 [info] > git for-each-ref --sort -committerdate --format %(refname) %(objectname) %(*objectname) [9ms]
2022-12-10 17:36:40.859 [info] > git status -z -uall [102ms]
2022-12-10 17:36:45.905 [info] > git config --get commit.template [22ms]
2022-12-10 17:36:45.907 [info] > git for-each-ref --format=%(refname)%00%(upstream:short)%00%(objectname)%00%(upstream:track)%00%(upstream:remotename)%00%(upstream:remoteref) refs/heads/master refs/remotes/master [4ms]
2022-12-10 17:36:45.941 [info] > git for-each-ref --sort -committerdate --format %(refname) %(objectname) %(*objectname) [11ms]
2022-12-10 17:36:45.975 [info] > git status -z -uall [56ms]
2022-12-10 17:36:55.807 [info] > git show --textconv :html/index.html [23ms]
2022-12-10 17:36:55.820 [info] > git ls-files --stage -- /home/makarowgr/html/index.html [15ms]
2022-12-10 17:36:55.844 [info] > git cat-file -s 22d8b41877a38e38d8fd679d1899f342d831096c [12ms]
2022-12-10 17:36:56.944 [info] > git show --textconv :kti-infrastructure/conf/default.conf [27ms]
2022-12-10 17:36:56.956 [info] > git ls-files --stage -- /home/makarowgr/kti-infrastructure/conf/default.conf [13ms]
2022-12-10 17:36:56.975 [info] > git cat-file -s c9fa970e97a9c2dd9832c79737a7aac116d657a7 [7ms]
2022-12-10 17:40:06.065 [info] > git show --textconv :kti-infrastructure/app/requirements.txt [11ms]
2022-12-10 17:40:06.069 [info] > git ls-files --stage -- /home/makarowgr/kti-infrastructure/app/requirements.txt [5ms]
2022-12-10 17:40:16.666 [info] > git show --textconv :kti-infrastructure/app/app.py [18ms]
2022-12-10 17:40:16.672 [info] > git ls-files --stage -- /home/makarowgr/kti-infrastructure/app/app.py [8ms]
2022-12-10 17:40:34.788 [info] > git show --textconv :kti-infrastructure/docker-compose.yaml [16ms]
2022-12-10 17:40:34.794 [info] > git ls-files --stage -- /home/makarowgr/kti-infrastructure/docker-compose.yaml [8ms]
2022-12-10 17:40:34.811 [info] > git cat-file -s ad3921cb10a4ef81999eeb9f10a46ae6488c74ef [5ms]
2022-12-10 17:43:01.991 [info] > git config --get commit.template [23ms]
2022-12-10 17:43:01.993 [info] > git for-each-ref --format=%(refname)%00%(upstream:short)%00%(objectname)%00%(upstream:track)%00%(upstream:remotename)%00%(upstream:remoteref) refs/heads/master refs/remotes/master [3ms]
2022-12-10 17:43:02.051 [info] > git for-each-ref --sort -committerdate --format %(refname) %(objectname) %(*objectname) [17ms]
2022-12-10 17:43:02.079 [info] > git status -z -uall [69ms]
2022-12-10 17:43:07.118 [info] > git config --get commit.template [18ms]
2022-12-10 17:43:07.122 [info] > git for-each-ref --format=%(refname)%00%(upstream:short)%00%(objectname)%00%(upstream:track)%00%(upstream:remotename)%00%(upstream:remoteref) refs/heads/master refs/remotes/master [7ms]
2022-12-10 17:43:07.166 [info] > git for-each-ref --sort -committerdate --format %(refname) %(objectname) %(*objectname) [7ms]
2022-12-10 17:43:07.222 [info] > git status -z -uall [86ms]
2022-12-10 17:43:12.264 [info] > git config --get commit.template [20ms]
2022-12-10 17:43:12.269 [info] > git for-each-ref --format=%(refname)%00%(upstream:short)%00%(objectname)%00%(upstream:track)%00%(upstream:remotename)%00%(upstream:remoteref) refs/heads/master refs/remotes/master [8ms]
2022-12-10 17:43:12.324 [info] > git for-each-ref --sort -committerdate --format %(refname) %(objectname) %(*objectname) [10ms]
2022-12-10 17:43:12.362 [info] > git status -z -uall [79ms]
2022-12-10 17:43:17.399 [info] > git config --get commit.template [16ms]
2022-12-10 17:43:17.400 [info] > git for-each-ref --format=%(refname)%00%(upstream:short)%00%(objectname)%00%(upstream:track)%00%(upstream:remotename)%00%(upstream:remoteref) refs/heads/master refs/remotes/master [3ms]
2022-12-10 17:43:17.433 [info] > git for-each-ref --sort -committerdate --format %(refname) %(objectname) %(*objectname) [6ms]
2022-12-10 17:43:17.467 [info] > git status -z -uall [56ms]
2022-12-10 17:43:37.207 [info] > git config --get commit.template [20ms]
2022-12-10 17:43:37.208 [info] > git for-each-ref --format=%(refname)%00%(upstream:short)%00%(objectname)%00%(upstream:track)%00%(upstream:remotename)%00%(upstream:remoteref) refs/heads/master refs/remotes/master [3ms]
2022-12-10 17:43:37.248 [info] > git for-each-ref --sort -committerdate --format %(refname) %(objectname) %(*objectname) [6ms]
2022-12-10 17:43:37.277 [info] > git status -z -uall [57ms]
2022-12-10 17:43:42.314 [info] > git config --get commit.template [16ms]
2022-12-10 17:43:42.316 [info] > git for-each-ref --format=%(refname)%00%(upstream:short)%00%(objectname)%00%(upstream:track)%00%(upstream:remotename)%00%(upstream:remoteref) refs/heads/master refs/remotes/master [4ms]
2022-12-10 17:43:42.358 [info] > git for-each-ref --sort -committerdate --format %(refname) %(objectname) %(*objectname) [8ms]
2022-12-10 17:43:42.413 [info] > git status -z -uall [83ms]
2022-12-10 17:43:47.464 [info] > git config --get commit.template [17ms]
2022-12-10 17:43:47.466 [info] > git for-each-ref --format=%(refname)%00%(upstream:short)%00%(objectname)%00%(upstream:track)%00%(upstream:remotename)%00%(upstream:remoteref) refs/heads/master refs/remotes/master [4ms]
2022-12-10 17:43:47.508 [info] > git for-each-ref --sort -committerdate --format %(refname) %(objectname) %(*objectname) [12ms]
2022-12-10 17:43:47.561 [info] > git status -z -uall [81ms]
2022-12-10 17:43:52.612 [info] > git config --get commit.template [21ms]
2022-12-10 17:43:52.615 [info] > git for-each-ref --format=%(refname)%00%(upstream:short)%00%(objectname)%00%(upstream:track)%00%(upstream:remotename)%00%(upstream:remoteref) refs/heads/master refs/remotes/master [5ms]
2022-12-10 17:43:52.659 [info] > git for-each-ref --sort -committerdate --format %(refname) %(objectname) %(*objectname) [8ms]
2022-12-10 17:43:52.723 [info] > git status -z -uall [93ms]
2022-12-10 17:43:57.753 [info] > git config --get commit.template [7ms]
2022-12-10 17:43:57.769 [info] > git for-each-ref --format=%(refname)%00%(upstream:short)%00%(objectname)%00%(upstream:track)%00%(upstream:remotename)%00%(upstream:remoteref) refs/heads/master refs/remotes/master [4ms]
2022-12-10 17:43:57.813 [info] > git for-each-ref --sort -committerdate --format %(refname) %(objectname) %(*objectname) [13ms]
2022-12-10 17:43:57.847 [info] > git status -z -uall [65ms]
2022-12-10 17:44:02.895 [info] > git config --get commit.template [20ms]
2022-12-10 17:44:02.897 [info] > git for-each-ref --format=%(refname)%00%(upstream:short)%00%(objectname)%00%(upstream:track)%00%(upstream:remotename)%00%(upstream:remoteref) refs/heads/master refs/remotes/master [8ms]
2022-12-10 17:44:02.948 [info] > git for-each-ref --sort -committerdate --format %(refname) %(objectname) %(*objectname) [8ms]
2022-12-10 17:44:02.982 [info] > git status -z -uall [69ms]
2022-12-10 17:44:08.011 [info] > git config --get commit.template [14ms]
2022-12-10 17:44:08.013 [info] > git for-each-ref --format=%(refname)%00%(upstream:short)%00%(objectname)%00%(upstream:track)%00%(upstream:remotename)%00%(upstream:remoteref) refs/heads/master refs/remotes/master [4ms]
2022-12-10 17:44:08.055 [info] > git for-each-ref --sort -committerdate --format %(refname) %(objectname) %(*objectname) [10ms]
2022-12-10 17:44:08.078 [info] > git status -z -uall [55ms]
2022-12-10 17:44:13.113 [info] > git config --get commit.template [5ms]
2022-12-10 17:44:13.127 [info] > git for-each-ref --format=%(refname)%00%(upstream:short)%00%(objectname)%00%(upstream:track)%00%(upstream:remotename)%00%(upstream:remoteref) refs/heads/master refs/remotes/master [3ms]
2022-12-10 17:44:13.158 [info] > git for-each-ref --sort -committerdate --format %(refname) %(objectname) %(*objectname) [4ms]
2022-12-10 17:44:13.198 [info] > git status -z -uall [62ms]
2022-12-10 17:44:18.236 [info] > git config --get commit.template [16ms]
2022-12-10 17:44:18.237 [info] > git for-each-ref --format=%(refname)%00%(upstream:short)%00%(objectname)%00%(upstream:track)%00%(upstream:remotename)%00%(upstream:remoteref) refs/heads/master refs/remotes/master [4ms]
2022-12-10 17:44:18.271 [info] > git for-each-ref --sort -committerdate --format %(refname) %(objectname) %(*objectname) [11ms]
2022-12-10 17:44:18.313 [info] > git status -z -uall [62ms]
2022-12-10 17:44:23.353 [info] > git config --get commit.template [17ms]
2022-12-10 17:44:23.354 [info] > git for-each-ref --format=%(refname)%00%(upstream:short)%00%(objectname)%00%(upstream:track)%00%(upstream:remotename)%00%(upstream:remoteref) refs/heads/master refs/remotes/master [5ms]
2022-12-10 17:44:23.385 [info] > git for-each-ref --sort -committerdate --format %(refname) %(objectname) %(*objectname) [12ms]
2022-12-10 17:44:23.423 [info] > git status -z -uall [59ms]
2022-12-10 17:44:28.461 [info] > git config --get commit.template [20ms]
2022-12-10 17:44:28.464 [info] > git for-each-ref --format=%(refname)%00%(upstream:short)%00%(objectname)%00%(upstream:track)%00%(upstream:remotename)%00%(upstream:remoteref) refs/heads/master refs/remotes/master [5ms]
2022-12-10 17:44:28.513 [info] > git for-each-ref --sort -committerdate --format %(refname) %(objectname) %(*objectname) [4ms]
2022-12-10 17:44:28.543 [info] > git status -z -uall [64ms]
2022-12-10 17:44:33.583 [info] > git config --get commit.template [18ms]
2022-12-10 17:44:33.586 [info] > git for-each-ref --format=%(refname)%00%(upstream:short)%00%(objectname)%00%(upstream:track)%00%(upstream:remotename)%00%(upstream:remoteref) refs/heads/master refs/remotes/master [5ms]
2022-12-10 17:44:33.619 [info] > git for-each-ref --sort -committerdate --format %(refname) %(objectname) %(*objectname) [4ms]
2022-12-10 17:44:33.657 [info] > git status -z -uall [58ms]
2022-12-10 17:44:38.680 [info] > git config --get commit.template [5ms]
2022-12-10 17:44:38.699 [info] > git for-each-ref --format=%(refname)%00%(upstream:short)%00%(objectname)%00%(upstream:track)%00%(upstream:remotename)%00%(upstream:remoteref) refs/heads/master refs/remotes/master [4ms]
2022-12-10 17:44:38.743 [info] > git for-each-ref --sort -committerdate --format %(refname) %(objectname) %(*objectname) [8ms]
2022-12-10 17:44:38.793 [info] > git status -z -uall [81ms]
2022-12-10 17:44:43.829 [info] > git config --get commit.template [18ms]
2022-12-10 17:44:43.831 [info] > git for-each-ref --format=%(refname)%00%(upstream:short)%00%(objectname)%00%(upstream:track)%00%(upstream:remotename)%00%(upstream:remoteref) refs/heads/master refs/remotes/master [4ms]
2022-12-10 17:44:43.872 [info] > git for-each-ref --sort -committerdate --format %(refname) %(objectname) %(*objectname) [6ms]
2022-12-10 17:44:43.923 [info] > git status -z -uall [79ms]
2022-12-10 17:44:48.962 [info] > git config --get commit.template [20ms]
2022-12-10 17:44:48.965 [info] > git for-each-ref --format=%(refname)%00%(upstream:short)%00%(objectname)%00%(upstream:track)%00%(upstream:remotename)%00%(upstream:remoteref) refs/heads/master refs/remotes/master [6ms]
2022-12-10 17:44:49.002 [info] > git for-each-ref --sort -committerdate --format %(refname) %(objectname) %(*objectname) [5ms]
2022-12-10 17:44:49.054 [info] > git status -z -uall [76ms]
2022-12-10 17:44:54.091 [info] > git config --get commit.template [16ms]
2022-12-10 17:44:54.093 [info] > git for-each-ref --format=%(refname)%00%(upstream:short)%00%(objectname)%00%(upstream:track)%00%(upstream:remotename)%00%(upstream:remoteref) refs/heads/master refs/remotes/master [4ms]
2022-12-10 17:44:54.133 [info] > git for-each-ref --sort -committerdate --format %(refname) %(objectname) %(*objectname) [13ms]
2022-12-10 17:44:54.175 [info] > git status -z -uall [70ms]
2022-12-10 17:44:59.219 [info] > git config --get commit.template [20ms]
2022-12-10 17:44:59.221 [info] > git for-each-ref --format=%(refname)%00%(upstream:short)%00%(objectname)%00%(upstream:track)%00%(upstream:remotename)%00%(upstream:remoteref) refs/heads/master refs/remotes/master [6ms]
2022-12-10 17:44:59.274 [info] > git for-each-ref --sort -committerdate --format %(refname) %(objectname) %(*objectname) [12ms]
2022-12-10 17:44:59.303 [info] > git status -z -uall [68ms]
2022-12-10 17:45:04.346 [info] > git config --get commit.template [21ms]
2022-12-10 17:45:04.349 [info] > git for-each-ref --format=%(refname)%00%(upstream:short)%00%(objectname)%00%(upstream:track)%00%(upstream:remotename)%00%(upstream:remoteref) refs/heads/master refs/remotes/master [6ms]
2022-12-10 17:45:04.377 [info] > git for-each-ref --sort -committerdate --format %(refname) %(objectname) %(*objectname) [2ms]
2022-12-10 17:45:04.431 [info] > git status -z -uall [71ms]
2022-12-10 17:45:09.474 [info] > git config --get commit.template [20ms]
2022-12-10 17:45:09.476 [info] > git for-each-ref --format=%(refname)%00%(upstream:short)%00%(objectname)%00%(upstream:track)%00%(upstream:remotename)%00%(upstream:remoteref) refs/heads/master refs/remotes/master [5ms]
2022-12-10 17:45:09.512 [info] > git for-each-ref --sort -committerdate --format %(refname) %(objectname) %(*objectname) [10ms]
2022-12-10 17:45:09.565 [info] > git status -z -uall [71ms]
2022-12-10 17:45:14.605 [info] > git config --get commit.template [20ms]
2022-12-10 17:45:14.607 [info] > git for-each-ref --format=%(refname)%00%(upstream:short)%00%(objectname)%00%(upstream:track)%00%(upstream:remotename)%00%(upstream:remoteref) refs/heads/master refs/remotes/master [5ms]
2022-12-10 17:45:14.641 [info] > git for-each-ref --sort -committerdate --format %(refname) %(objectname) %(*objectname) [8ms]
2022-12-10 17:45:14.686 [info] > git status -z -uall [66ms]
2022-12-10 17:45:19.723 [info] > git config --get commit.template [17ms]
2022-12-10 17:45:19.725 [info] > git for-each-ref --format=%(refname)%00%(upstream:short)%00%(objectname)%00%(upstream:track)%00%(upstream:remotename)%00%(upstream:remoteref) refs/heads/master refs/remotes/master [3ms]
2022-12-10 17:45:19.766 [info] > git for-each-ref --sort -committerdate --format %(refname) %(objectname) %(*objectname) [8ms]
2022-12-10 17:45:19.807 [info] > git status -z -uall [69ms]
