2022-12-10 17:51:22.307 [info] Extension host with pid 48540 started
2022-12-10 17:51:22.315 [error] Error: EEXIST: file already exists, open '/home/makarowgr/.vscode-server/data/User/workspaceStorage/cff2b3fd7652b01eb437cabf698adb2d/vscode.lock'
2022-12-10 17:51:22.345 [info] Lock '/home/makarowgr/.vscode-server/data/User/workspaceStorage/cff2b3fd7652b01eb437cabf698adb2d/vscode.lock': Could not acquire lock, checking if the file is stale.
2022-12-10 17:51:22.366 [info] Lock '/home/makarowgr/.vscode-server/data/User/workspaceStorage/cff2b3fd7652b01eb437cabf698adb2d/vscode.lock': The lock does not look stale, elapsed: 367 ms, giving up.
2022-12-10 17:51:22.375 [info] Lock '/home/makarowgr/.vscode-server/data/User/workspaceStorage/cff2b3fd7652b01eb437cabf698adb2d-1/vscode.lock': Lock acquired.
2022-12-10 17:51:22.490 [info] ExtensionService#_doActivateExtension vscode.git-base, startup: true, activationEvent: '*', root cause: vscode.git
2022-12-10 17:51:23.127 [info] ExtensionService#_doActivateExtension vscode.git, startup: true, activationEvent: '*'
2022-12-10 17:51:23.129 [info] ExtensionService#_doActivateExtension vscode.github, startup: true, activationEvent: '*'
2022-12-10 17:51:24.078 [info] ExtensionService#_doActivateExtension vscode.debug-auto-launch, startup: false, activationEvent: 'onStartupFinished'
2022-12-10 17:51:24.079 [info] ExtensionService#_doActivateExtension vscode.emmet, startup: false, activationEvent: 'onStartupFinished'
2022-12-10 17:51:24.081 [info] ExtensionService#_doActivateExtension vscode.merge-conflict, startup: false, activationEvent: 'onStartupFinished'
2022-12-10 17:51:24.081 [info] Eager extensions activated
2022-12-10 18:15:56.198 [error] Error: Repository not initialized
	at j.W (/home/makarowgr/.vscode-server/bin/5235c6bb189b60b01b1f49062f4ffa42384f8c91/extensions/git/dist/main.js:2:2099385)
	at j.status (/home/makarowgr/.vscode-server/bin/5235c6bb189b60b01b1f49062f4ffa42384f8c91/extensions/git/dist/main.js:2:2085755)
	at j.o (/home/makarowgr/.vscode-server/bin/5235c6bb189b60b01b1f49062f4ffa42384f8c91/extensions/git/dist/main.js:2:2002788)
	at j.kb (/home/makarowgr/.vscode-server/bin/5235c6bb189b60b01b1f49062f4ffa42384f8c91/extensions/git/dist/main.js:2:2105279)
2022-12-10 18:22:58.578 [warning] [Decorations] CAPPING events from decorations provider vscode.git 3690
2022-12-10 18:23:03.219 [warning] [Decorations] CAPPING events from decorations provider vscode.git 3690
2022-12-10 18:23:08.554 [warning] [Decorations] CAPPING events from decorations provider vscode.git 3690
2022-12-10 18:23:13.854 [warning] [Decorations] CAPPING events from decorations provider vscode.git 3690
2022-12-10 18:23:19.147 [warning] [Decorations] CAPPING events from decorations provider vscode.git 3690
2022-12-10 18:23:24.461 [warning] [Decorations] CAPPING events from decorations provider vscode.git 3690
2022-12-10 18:23:29.713 [warning] [Decorations] CAPPING events from decorations provider vscode.git 3690
2022-12-10 18:23:35.001 [warning] [Decorations] CAPPING events from decorations provider vscode.git 3690
2022-12-10 18:23:40.293 [warning] [Decorations] CAPPING events from decorations provider vscode.git 3690
2022-12-10 18:23:45.562 [warning] [Decorations] CAPPING events from decorations provider vscode.git 3690
2022-12-10 18:23:50.865 [warning] [Decorations] CAPPING events from decorations provider vscode.git 3690
2022-12-10 18:23:56.183 [warning] [Decorations] CAPPING events from decorations provider vscode.git 3690
2022-12-10 18:24:01.470 [warning] [Decorations] CAPPING events from decorations provider vscode.git 3690
2022-12-10 18:24:06.731 [warning] [Decorations] CAPPING events from decorations provider vscode.git 4660
2022-12-10 18:24:12.045 [warning] [Decorations] CAPPING events from decorations provider vscode.git 4660
2022-12-10 18:24:17.417 [warning] [Decorations] CAPPING events from decorations provider vscode.git 4660
2022-12-10 18:24:24.623 [warning] [Decorations] CAPPING events from decorations provider vscode.git 4660
2022-12-10 18:24:29.825 [warning] [Decorations] CAPPING events from decorations provider vscode.git 4660
