*
* Visual Studio Code Server
*
* By using the software, you agree to
* the Visual Studio Code Server License Terms (https://aka.ms/vscode-server-license) and
* the Microsoft Privacy Statement (https://privacy.microsoft.com/en-US/privacystatement).
*
Server bound to 127.0.0.1:34273 (IPv4)
Extension host agent listening on 34273

[15:50:23] Extension host agent started.
[15:50:29] No ptyHost heartbeat after 6 seconds
[15:51:23] [127.0.0.1][d5f4822e][ManagementConnection] New connection established.
[15:51:23] [127.0.0.1][32692919][ExtensionHostConnection] New connection established.
[15:51:23] [127.0.0.1][32692919][ExtensionHostConnection] <38701> Launched Extension Host Process.
[IPC Library: Pty Host]  WARN Shell integration cannot be enabled for executable "/bin/sh" and args [
  '-c',
  'wget --version > /dev/null\n' +
    'if [ $? -eq 0 ]\n' +
    'then\n' +
    "\twget --connect-timeout=7 --tries=1 --dns-timeout=7 -q --header='Metadata:true' -O - http://169.254.169.254/metadata/instance?api-version=2019-03-11\n" +
    'else\n' +
    '\tcurl --version > /dev/null\n' +
    '\tif [ $? -eq 0 ]\n' +
    '\tthen\n' +
    "\t\tcurl --connect-timeout 7 -s --header='Metadata:true' http://169.254.169.254/metadata/instance?api-version=2019-03-11\n" +
    '\tfi\n' +
    'fi\n' +
    'exit 0'
]
[IPC Library: Pty Host]  WARN Shell integration cannot be enabled for executable "/bin/sh" and args [
  '-c',
  'wget --version > /dev/null\n' +
    'if [ $? -eq 0 ]\n' +
    'then\n' +
    '\twget --connect-timeout=7 --tries=1 --dns-timeout=7 -q  -O - http://169.254.169.254/latest/meta-data/instance-id\n' +
    'else\n' +
    '\tcurl --version > /dev/null\n' +
    '\tif [ $? -eq 0 ]\n' +
    '\tthen\n' +
    '\t\tcurl --connect-timeout 7 -s  http://169.254.169.254/latest/meta-data/instance-id\n' +
    '\tfi\n' +
    'fi\n' +
    'exit 0'
]
[IPC Library: Pty Host]  WARN Shell integration cannot be enabled for executable "/bin/sh" and args [
  '-c',
  'wget --version > /dev/null\n' +
    'if [ $? -eq 0 ]\n' +
    'then\n' +
    '\twget --connect-timeout=7 --tries=1 --dns-timeout=7 -q  -O - http://169.254.169.254/metadata/v1/id\n' +
    'else\n' +
    '\tcurl --version > /dev/null\n' +
    '\tif [ $? -eq 0 ]\n' +
    '\tthen\n' +
    '\t\tcurl --connect-timeout 7 -s  http://169.254.169.254/metadata/v1/id\n' +
    '\tfi\n' +
    'fi\n' +
    'exit 0'
]
[IPC Library: Pty Host]  WARN Shell integration cannot be enabled for executable "/bin/sh" and args [
  '-c',
  'wget --version > /dev/null\n' +
    'if [ $? -eq 0 ]\n' +
    'then\n' +
    "\twget --connect-timeout=7 --tries=1 --dns-timeout=7 -q --header='Metadata-Flavor:Google' -O - http://metadata.google.internal/computeMetadata/v1/instance/id\n" +
    'else\n' +
    '\tcurl --version > /dev/null\n' +
    '\tif [ $? -eq 0 ]\n' +
    '\tthen\n' +
    "\t\tcurl --connect-timeout 7 -s --header='Metadata-Flavor:Google' http://metadata.google.internal/computeMetadata/v1/instance/id\n" +
    '\tfi\n' +
    'fi\n' +
    'exit 0'
]
rejected promise not handled within 1 second: CodeExpectedError: Could not find pty on pty host
stack trace: CodeExpectedError: Could not find pty on pty host
    at d._throwIfNoPty (/home/makarowgr/.vscode-server/bin/6261075646f055b99068d3688932416f2346dd3b/out/vs/platform/terminal/node/ptyHostMain.js:27:7199)
    at d.updateTitle (/home/makarowgr/.vscode-server/bin/6261075646f055b99068d3688932416f2346dd3b/out/vs/platform/terminal/node/ptyHostMain.js:27:2931)
    at Object.call (/home/makarowgr/.vscode-server/bin/6261075646f055b99068d3688932416f2346dd3b/out/vs/platform/terminal/node/ptyHostMain.js:17:5858)
    at s.onPromise (/home/makarowgr/.vscode-server/bin/6261075646f055b99068d3688932416f2346dd3b/out/vs/platform/terminal/node/ptyHostMain.js:15:5833)
    at s.onRawMessage (/home/makarowgr/.vscode-server/bin/6261075646f055b99068d3688932416f2346dd3b/out/vs/platform/terminal/node/ptyHostMain.js:15:5216)
    at /home/makarowgr/.vscode-server/bin/6261075646f055b99068d3688932416f2346dd3b/out/vs/platform/terminal/node/ptyHostMain.js:15:4502
    at r.invoke (/home/makarowgr/.vscode-server/bin/6261075646f055b99068d3688932416f2346dd3b/out/vs/platform/terminal/node/ptyHostMain.js:11:145)
    at P.deliver (/home/makarowgr/.vscode-server/bin/6261075646f055b99068d3688932416f2346dd3b/out/vs/platform/terminal/node/ptyHostMain.js:11:2275)
    at w.fire (/home/makarowgr/.vscode-server/bin/6261075646f055b99068d3688932416f2346dd3b/out/vs/platform/terminal/node/ptyHostMain.js:11:1853)
    at process.M (/home/makarowgr/.vscode-server/bin/6261075646f055b99068d3688932416f2346dd3b/out/vs/platform/terminal/node/ptyHostMain.js:9:21066)
    at process.emit (node:events:526:28)
    at emit (node:internal/child_process:938:14)
    at processTicksAndRejections (node:internal/process/task_queues:84:21)
[15:51:25] Error [CodeExpectedError]: Could not find pty on pty host
    at d._throwIfNoPty (/home/makarowgr/.vscode-server/bin/6261075646f055b99068d3688932416f2346dd3b/out/vs/platform/terminal/node/ptyHostMain.js:27:7199)
    at d.updateTitle (/home/makarowgr/.vscode-server/bin/6261075646f055b99068d3688932416f2346dd3b/out/vs/platform/terminal/node/ptyHostMain.js:27:2931)
    at Object.call (/home/makarowgr/.vscode-server/bin/6261075646f055b99068d3688932416f2346dd3b/out/vs/platform/terminal/node/ptyHostMain.js:17:5858)
    at s.onPromise (/home/makarowgr/.vscode-server/bin/6261075646f055b99068d3688932416f2346dd3b/out/vs/platform/terminal/node/ptyHostMain.js:15:5833)
    at s.onRawMessage (/home/makarowgr/.vscode-server/bin/6261075646f055b99068d3688932416f2346dd3b/out/vs/platform/terminal/node/ptyHostMain.js:15:5216)
    at /home/makarowgr/.vscode-server/bin/6261075646f055b99068d3688932416f2346dd3b/out/vs/platform/terminal/node/ptyHostMain.js:15:4502
    at r.invoke (/home/makarowgr/.vscode-server/bin/6261075646f055b99068d3688932416f2346dd3b/out/vs/platform/terminal/node/ptyHostMain.js:11:145)
    at P.deliver (/home/makarowgr/.vscode-server/bin/6261075646f055b99068d3688932416f2346dd3b/out/vs/platform/terminal/node/ptyHostMain.js:11:2275)
    at w.fire (/home/makarowgr/.vscode-server/bin/6261075646f055b99068d3688932416f2346dd3b/out/vs/platform/terminal/node/ptyHostMain.js:11:1853)
    at process.M (/home/makarowgr/.vscode-server/bin/6261075646f055b99068d3688932416f2346dd3b/out/vs/platform/terminal/node/ptyHostMain.js:9:21066)
    at process.emit (node:events:526:28)
    at emit (node:internal/child_process:938:14)
    at processTicksAndRejections (node:internal/process/task_queues:84:21)
[15:53:21] [127.0.0.1][d5f4822e][ManagementConnection] The client has disconnected gracefully, so the connection will be disposed.
[15:53:21] [127.0.0.1][32692919][ExtensionHostConnection] <38701> Extension Host Process exited with code: 0, signal: null.
Last EH closed, waiting before shutting down
[15:53:21] Last EH closed, waiting before shutting down
Got delay-shutdown request while in shutdown timeout, delaying
[15:53:38] Got delay-shutdown request while in shutdown timeout, delaying
Cancelling previous shutdown timeout
[15:53:38] Cancelling previous shutdown timeout
[15:53:39] [127.0.0.1][7fab3ddb][ManagementConnection] New connection established.
[15:53:39] [127.0.0.1][2c25977c][ExtensionHostConnection] New connection established.
[15:53:39] [127.0.0.1][2c25977c][ExtensionHostConnection] <38829> Launched Extension Host Process.
[IPC Library: Pty Host]  WARN Shell integration cannot be enabled for executable "/bin/sh" and args [
  '-c',
  'wget --version > /dev/null\n' +
    'if [ $? -eq 0 ]\n' +
    'then\n' +
    "\twget --connect-timeout=7 --tries=1 --dns-timeout=7 -q --header='Metadata:true' -O - http://169.254.169.254/metadata/instance?api-version=2019-03-11\n" +
    'else\n' +
    '\tcurl --version > /dev/null\n' +
    '\tif [ $? -eq 0 ]\n' +
    '\tthen\n' +
    "\t\tcurl --connect-timeout 7 -s --header='Metadata:true' http://169.254.169.254/metadata/instance?api-version=2019-03-11\n" +
    '\tfi\n' +
    'fi\n' +
    'exit 0'
]
[IPC Library: Pty Host]  WARN Shell integration cannot be enabled for executable "/bin/sh" and args [
  '-c',
  'wget --version > /dev/null\n' +
    'if [ $? -eq 0 ]\n' +
    'then\n' +
    '\twget --connect-timeout=7 --tries=1 --dns-timeout=7 -q  -O - http://169.254.169.254/latest/meta-data/instance-id\n' +
    'else\n' +
    '\tcurl --version > /dev/null\n' +
    '\tif [ $? -eq 0 ]\n' +
    '\tthen\n' +
    '\t\tcurl --connect-timeout 7 -s  http://169.254.169.254/latest/meta-data/instance-id\n' +
    '\tfi\n' +
    'fi\n' +
    'exit 0'
]
[IPC Library: Pty Host]  WARN Shell integration cannot be enabled for executable "/bin/sh" and args [
  '-c',
  'wget --version > /dev/null\n' +
    'if [ $? -eq 0 ]\n' +
    'then\n' +
    '\twget --connect-timeout=7 --tries=1 --dns-timeout=7 -q  -O - http://169.254.169.254/metadata/v1/id\n' +
    'else\n' +
    '\tcurl --version > /dev/null\n' +
    '\tif [ $? -eq 0 ]\n' +
    '\tthen\n' +
    '\t\tcurl --connect-timeout 7 -s  http://169.254.169.254/metadata/v1/id\n' +
    '\tfi\n' +
    'fi\n' +
    'exit 0'
]
[IPC Library: Pty Host]  WARN Shell integration cannot be enabled for executable "/bin/sh" and args [
  '-c',
  'wget --version > /dev/null\n' +
    'if [ $? -eq 0 ]\n' +
    'then\n' +
    "\twget --connect-timeout=7 --tries=1 --dns-timeout=7 -q --header='Metadata-Flavor:Google' -O - http://metadata.google.internal/computeMetadata/v1/instance/id\n" +
    'else\n' +
    '\tcurl --version > /dev/null\n' +
    '\tif [ $? -eq 0 ]\n' +
    '\tthen\n' +
    "\t\tcurl --connect-timeout 7 -s --header='Metadata-Flavor:Google' http://metadata.google.internal/computeMetadata/v1/instance/id\n" +
    '\tfi\n' +
    'fi\n' +
    'exit 0'
]
rejected promise not handled within 1 second: CodeExpectedError: Could not find pty on pty host
stack trace: CodeExpectedError: Could not find pty on pty host
    at d._throwIfNoPty (/home/makarowgr/.vscode-server/bin/6261075646f055b99068d3688932416f2346dd3b/out/vs/platform/terminal/node/ptyHostMain.js:27:7199)
    at d.updateTitle (/home/makarowgr/.vscode-server/bin/6261075646f055b99068d3688932416f2346dd3b/out/vs/platform/terminal/node/ptyHostMain.js:27:2931)
    at Object.call (/home/makarowgr/.vscode-server/bin/6261075646f055b99068d3688932416f2346dd3b/out/vs/platform/terminal/node/ptyHostMain.js:17:5858)
    at s.onPromise (/home/makarowgr/.vscode-server/bin/6261075646f055b99068d3688932416f2346dd3b/out/vs/platform/terminal/node/ptyHostMain.js:15:5833)
    at s.onRawMessage (/home/makarowgr/.vscode-server/bin/6261075646f055b99068d3688932416f2346dd3b/out/vs/platform/terminal/node/ptyHostMain.js:15:5216)
    at /home/makarowgr/.vscode-server/bin/6261075646f055b99068d3688932416f2346dd3b/out/vs/platform/terminal/node/ptyHostMain.js:15:4502
    at r.invoke (/home/makarowgr/.vscode-server/bin/6261075646f055b99068d3688932416f2346dd3b/out/vs/platform/terminal/node/ptyHostMain.js:11:145)
    at P.deliver (/home/makarowgr/.vscode-server/bin/6261075646f055b99068d3688932416f2346dd3b/out/vs/platform/terminal/node/ptyHostMain.js:11:2275)
    at w.fire (/home/makarowgr/.vscode-server/bin/6261075646f055b99068d3688932416f2346dd3b/out/vs/platform/terminal/node/ptyHostMain.js:11:1853)
    at process.M (/home/makarowgr/.vscode-server/bin/6261075646f055b99068d3688932416f2346dd3b/out/vs/platform/terminal/node/ptyHostMain.js:9:21066)
    at process.emit (node:events:526:28)
    at emit (node:internal/child_process:938:14)
    at processTicksAndRejections (node:internal/process/task_queues:84:21)
[15:53:41] Error [CodeExpectedError]: Could not find pty on pty host
    at d._throwIfNoPty (/home/makarowgr/.vscode-server/bin/6261075646f055b99068d3688932416f2346dd3b/out/vs/platform/terminal/node/ptyHostMain.js:27:7199)
    at d.updateTitle (/home/makarowgr/.vscode-server/bin/6261075646f055b99068d3688932416f2346dd3b/out/vs/platform/terminal/node/ptyHostMain.js:27:2931)
    at Object.call (/home/makarowgr/.vscode-server/bin/6261075646f055b99068d3688932416f2346dd3b/out/vs/platform/terminal/node/ptyHostMain.js:17:5858)
    at s.onPromise (/home/makarowgr/.vscode-server/bin/6261075646f055b99068d3688932416f2346dd3b/out/vs/platform/terminal/node/ptyHostMain.js:15:5833)
    at s.onRawMessage (/home/makarowgr/.vscode-server/bin/6261075646f055b99068d3688932416f2346dd3b/out/vs/platform/terminal/node/ptyHostMain.js:15:5216)
    at /home/makarowgr/.vscode-server/bin/6261075646f055b99068d3688932416f2346dd3b/out/vs/platform/terminal/node/ptyHostMain.js:15:4502
    at r.invoke (/home/makarowgr/.vscode-server/bin/6261075646f055b99068d3688932416f2346dd3b/out/vs/platform/terminal/node/ptyHostMain.js:11:145)
    at P.deliver (/home/makarowgr/.vscode-server/bin/6261075646f055b99068d3688932416f2346dd3b/out/vs/platform/terminal/node/ptyHostMain.js:11:2275)
    at w.fire (/home/makarowgr/.vscode-server/bin/6261075646f055b99068d3688932416f2346dd3b/out/vs/platform/terminal/node/ptyHostMain.js:11:1853)
    at process.M (/home/makarowgr/.vscode-server/bin/6261075646f055b99068d3688932416f2346dd3b/out/vs/platform/terminal/node/ptyHostMain.js:9:21066)
    at process.emit (node:events:526:28)
    at emit (node:internal/child_process:938:14)
    at processTicksAndRejections (node:internal/process/task_queues:84:21)
[node.js fs] readdir with filetypes failed with error:  [Error: EACCES: permission denied, scandir '/var/lib/httpd'] {
  errno: -13,
  code: 'EACCES',
  syscall: 'scandir',
  path: '/var/lib/httpd'
}
[node.js fs] readdir with filetypes failed with error:  [Error: EACCES: permission denied, scandir '/var/lib/httpd'] {
  errno: -13,
  code: 'EACCES',
  syscall: 'scandir',
  path: '/var/lib/httpd'
}
[15:54:20] [127.0.0.1][7fab3ddb][ManagementConnection] The client has disconnected gracefully, so the connection will be disposed.
[15:54:20] [127.0.0.1][2c25977c][ExtensionHostConnection] <38829> Extension Host Process exited with code: 0, signal: null.
Cancelling previous shutdown timeout
[15:54:20] Cancelling previous shutdown timeout
Last EH closed, waiting before shutting down
[15:54:20] Last EH closed, waiting before shutting down
Last EH closed, shutting down
[15:59:20] Last EH closed, shutting down
